<?xml version="1.0" encoding="UTF-8"?>
<testsuite xmlns:xsi="http://www.w3.org/2001/XMLSchema-instance" xsi:noNamespaceSchemaLocation="https://maven.apache.org/surefire/maven-surefire-plugin/xsd/surefire-test-report-3.0.xsd" version="3.0" name="testes.ShutdownTest" time="31.668" tests="5" errors="0" skipped="0" failures="0">
  <properties>
[...]
</properties>
  <testcase name="testeClienteRecebeNotificacao" classname="testes.ShutdownTest" time="4.694">
    <system-out><![CDATA[ServicoEventos iniciado no dia: 8 (Janela D=30)
RequestDispatcher criado com D=30 e S=5
==================================================
  SERVIÇO DE GESTÃO DE VENDAS
==================================================
Porta: 5557
Dias (D): 30
Séries (S): 5

Thread Pools:
  - Client Handlers: 20 threads
  - Request Workers: 50 threads
==================================================
Aguardando conexões...

DeadlockMonitor iniciado (intervalo: 30s)
ClienteMiddleware configurado com conexão dedicada
[Server] Cliente conectado: /127.0.0.1 (Total: 1)
Conectado ao servidor localhost:5557 (dedicado)
Cliente conectado: /127.0.0.1
Novo utilizador registado: shutdown11767984671269
Utilizador autenticado: shutdown11767984671269

==================================================
  ENCERRANDO SERVIDOR
==================================================

[0/4] Notificando clientes...

========================================
Notificando 1 clientes sobre shutdown...
========================================
Notificados 1 clientes

========================================
         SERVIDOR ENCERRADO
========================================
Razão: Servidor sendo encerrado
========================================

ServerSocket fechado.

[1/4] Fechando sockets de clientes...
Fechados 1 socket(s) de cliente(s).

[2/4] Encerrando client handlers...
  Chamando shutdown em Client Handler Pool...
  Aguardando término de Client Handler Pool (timeout: 5s)...
  ✓ Client Handler Pool encerrada com sucesso.

[3/5] Processando requests pendentes...
✓ Todas requests pendentes foram processadas.

[4/4] Cleanup concluído.
==================================================
  SERVIDOR ENCERRADO COM SUCESSO
==================================================

DeadlockMonitor parado
Encerrando RequestDispatcher...
RequestDispatcher encerrado
Desconectado do servidor

==================================================
  ENCERRANDO SERVIDOR
==================================================

[0/4] Notificando clientes...

========================================
Notificando 0 clientes sobre shutdown...
========================================
Notificados 0 clientes

[1/4] Fechando sockets de clientes...
Nenhum socket de cliente para fechar.

[2/4] Encerrando client handlers...
  Chamando shutdown em Client Handler Pool...
  Aguardando término de Client Handler Pool (timeout: 5s)...
  ✓ Client Handler Pool encerrada com sucesso.

[3/5] Processando requests pendentes...
✓ Todas requests pendentes foram processadas.

[4/4] Cleanup concluído.
==================================================
  SERVIDOR ENCERRADO COM SUCESSO
==================================================

Encerrando RequestDispatcher...
RequestDispatcher encerrado
]]></system-out>
    <system-err><![CDATA[[ERRO] 2026-01-09 18:51:11.876 - ClientHandler[cliente=/127.0.0.1]
  Exceção: java.net.SocketException: Socket closed
java.net.SocketException: Socket closed
	at java.base/sun.nio.ch.NioSocketImpl.endRead(NioSocketImpl.java:243)
	at java.base/sun.nio.ch.NioSocketImpl.implRead(NioSocketImpl.java:323)
	at java.base/sun.nio.ch.NioSocketImpl.read(NioSocketImpl.java:346)
	at java.base/sun.nio.ch.NioSocketImpl$1.read(NioSocketImpl.java:796)
	at java.base/java.net.Socket$SocketInputStream.implRead(Socket.java:1116)
	at java.base/java.net.Socket$SocketInputStream.read(Socket.java:1103)
	at java.base/java.io.DataInputStream.readFully(DataInputStream.java:208)
	at java.base/java.io.DataInputStream.readInt(DataInputStream.java:385)
	at middleware.Protocolo.receber(Protocolo.java:26)
	at server.presentation.handlers.ClientHandler.run(ClientHandler.java:46)
	at common.concurrency.ThreadPoolImpl.runWorkerLoop(ThreadPoolImpl.java:229)
	at java.base/java.lang.Thread.run(Thread.java:1575)

]]></system-err>
  </testcase>
  <testcase name="testeClienteNaoPodeInvocarAposShutdown" classname="testes.ShutdownTest" time="7.059">
    <system-out><![CDATA[
==================================================
  ENCERRANDO SERVIDOR
==================================================

[0/4] Notificando clientes...

========================================
Notificando 0 clientes sobre shutdown...
========================================
Notificados 0 clientes

[1/4] Fechando sockets de clientes...
Nenhum socket de cliente para fechar.

[2/4] Encerrando client handlers...
  Chamando shutdown em Client Handler Pool...
  Aguardando término de Client Handler Pool (timeout: 5s)...
  ✓ Client Handler Pool encerrada com sucesso.

[3/5] Processando requests pendentes...
✓ Todas requests pendentes foram processadas.

[4/4] Cleanup concluído.
==================================================
  SERVIDOR ENCERRADO COM SUCESSO
==================================================

Encerrando RequestDispatcher...
RequestDispatcher encerrado
ServicoEventos iniciado no dia: 8 (Janela D=30)
RequestDispatcher criado com D=30 e S=5
==================================================
  SERVIÇO DE GESTÃO DE VENDAS
==================================================
Porta: 5557
Dias (D): 30
Séries (S): 5

Thread Pools:
  - Client Handlers: 20 threads
  - Request Workers: 50 threads
==================================================
Aguardando conexões...

DeadlockMonitor iniciado (intervalo: 30s)
ClienteMiddleware configurado com conexão dedicada
[Server] Cliente conectado: /127.0.0.1 (Total: 1)
Conectado ao servidor localhost:5557 (dedicado)
Cliente conectado: /127.0.0.1
Novo utilizador registado: shutdown21767984676407
Utilizador autenticado: shutdown21767984676407

==================================================
  ENCERRANDO SERVIDOR
==================================================

[0/4] Notificando clientes...

========================================
Notificando 1 clientes sobre shutdown...
========================================
Notificados 1 clientes

========================================
         SERVIDOR ENCERRADO
========================================
Razão: Servidor sendo encerrado
========================================

ServerSocket fechado.

[1/4] Fechando sockets de clientes...
Fechados 1 socket(s) de cliente(s).

[2/4] Encerrando client handlers...
  Chamando shutdown em Client Handler Pool...
  Aguardando término de Client Handler Pool (timeout: 5s)...
  ✓ Client Handler Pool encerrada com sucesso.

[3/5] Processando requests pendentes...
✓ Todas requests pendentes foram processadas.

[4/4] Cleanup concluído.
==================================================
  SERVIDOR ENCERRADO COM SUCESSO
==================================================

DeadlockMonitor parado
Encerrando RequestDispatcher...
RequestDispatcher encerrado
Desconectado do servidor

==================================================
  ENCERRANDO SERVIDOR
==================================================

[0/4] Notificando clientes...

========================================
Notificando 0 clientes sobre shutdown...
========================================
Notificados 0 clientes

[1/4] Fechando sockets de clientes...
Nenhum socket de cliente para fechar.

[2/4] Encerrando client handlers...
  Chamando shutdown em Client Handler Pool...
  Aguardando término de Client Handler Pool (timeout: 5s)...
  ✓ Client Handler Pool encerrada com sucesso.

[3/5] Processando requests pendentes...
✓ Todas requests pendentes foram processadas.

[4/4] Cleanup concluído.
==================================================
  SERVIDOR ENCERRADO COM SUCESSO
==================================================

Encerrando RequestDispatcher...
RequestDispatcher encerrado
]]></system-out>
    <system-err><![CDATA[[ERRO] 2026-01-09 18:51:16.952 - ClientHandler[cliente=/127.0.0.1]
  Exceção: java.net.SocketException: Socket closed
java.net.SocketException: Socket closed
	at java.base/sun.nio.ch.NioSocketImpl.endRead(NioSocketImpl.java:243)
	at java.base/sun.nio.ch.NioSocketImpl.implRead(NioSocketImpl.java:323)
	at java.base/sun.nio.ch.NioSocketImpl.read(NioSocketImpl.java:346)
	at java.base/sun.nio.ch.NioSocketImpl$1.read(NioSocketImpl.java:796)
	at java.base/java.net.Socket$SocketInputStream.implRead(Socket.java:1116)
	at java.base/java.net.Socket$SocketInputStream.read(Socket.java:1103)
	at java.base/java.io.DataInputStream.readFully(DataInputStream.java:208)
	at java.base/java.io.DataInputStream.readInt(DataInputStream.java:385)
	at middleware.Protocolo.receber(Protocolo.java:26)
	at server.presentation.handlers.ClientHandler.run(ClientHandler.java:46)
	at common.concurrency.ThreadPoolImpl.runWorkerLoop(ThreadPoolImpl.java:229)
	at java.base/java.lang.Thread.run(Thread.java:1575)

]]></system-err>
  </testcase>
  <testcase name="testeMultiplosClientesRecebemNotificacao" classname="testes.ShutdownTest" time="7.095">
    <system-out><![CDATA[
==================================================
  ENCERRANDO SERVIDOR
==================================================

[0/4] Notificando clientes...

========================================
Notificando 0 clientes sobre shutdown...
========================================
Notificados 0 clientes

[1/4] Fechando sockets de clientes...
Nenhum socket de cliente para fechar.

[2/4] Encerrando client handlers...
  Chamando shutdown em Client Handler Pool...
  Aguardando término de Client Handler Pool (timeout: 5s)...
  ✓ Client Handler Pool encerrada com sucesso.

[3/5] Processando requests pendentes...
✓ Todas requests pendentes foram processadas.

[4/4] Cleanup concluído.
==================================================
  SERVIDOR ENCERRADO COM SUCESSO
==================================================

Encerrando RequestDispatcher...
RequestDispatcher encerrado
ServicoEventos iniciado no dia: 8 (Janela D=30)
RequestDispatcher criado com D=30 e S=5
==================================================
  SERVIÇO DE GESTÃO DE VENDAS
==================================================
Porta: 5557
Dias (D): 30
Séries (S): 5

Thread Pools:
  - Client Handlers: 20 threads
  - Request Workers: 50 threads
==================================================
Aguardando conexões...

DeadlockMonitor iniciado (intervalo: 30s)
ClienteMiddleware configurado com conexão dedicada
ClienteMiddleware configurado com conexão dedicada
ClienteMiddleware configurado com conexão dedicada
ClienteMiddleware configurado com conexão dedicada
ClienteMiddleware configurado com conexão dedicada
[Server] Cliente conectado: /127.0.0.1 (Total: 1)
ClienteMiddleware configurado com conexão dedicada
Conectado ao servidor localhost:5557 (dedicado)
Conectado ao servidor localhost:5557 (dedicado)
ClienteMiddleware configurado com conexão dedicada
[Server] Cliente conectado: /127.0.0.1 (Total: 2)
Cliente conectado: /127.0.0.1
Conectado ao servidor localhost:5557 (dedicado)
Conectado ao servidor localhost:5557 (dedicado)
Conectado ao servidor localhost:5557 (dedicado)
ClienteMiddleware configurado com conexão dedicada
Conectado ao servidor localhost:5557 (dedicado)
[Server] Cliente conectado: /127.0.0.1 (Total: 3)
Conectado ao servidor localhost:5557 (dedicado)
Cliente conectado: /127.0.0.1
[Server] Cliente conectado: /127.0.0.1 (Total: 4)
Cliente conectado: /127.0.0.1
[Server] Cliente conectado: /127.0.0.1 (Total: 5)
ClienteMiddleware configurado com conexão dedicada
Conectado ao servidor localhost:5557 (dedicado)
ClienteMiddleware configurado com conexão dedicada
Conectado ao servidor localhost:5557 (dedicado)
Conectado ao servidor localhost:5557 (dedicado)
Cliente conectado: /127.0.0.1
[Server] Cliente conectado: /127.0.0.1 (Total: 6)
[Server] Cliente conectado: /127.0.0.1 (Total: 7)
Cliente conectado: /127.0.0.1
Cliente conectado: /127.0.0.1
Cliente conectado: /127.0.0.1
[Server] Cliente conectado: /127.0.0.1 (Total: 8)
[Server] Cliente conectado: /127.0.0.1 (Total: 9)
Cliente conectado: /127.0.0.1
Cliente conectado: /127.0.0.1
[Server] Cliente conectado: /127.0.0.1 (Total: 10)
Cliente conectado: /127.0.0.1

==================================================
  ENCERRANDO SERVIDOR
==================================================

[0/4] Notificando clientes...

========================================
Notificando 10 clientes sobre shutdown...
========================================

========================================
         SERVIDOR ENCERRADO
========================================
Razão: Servidor sendo encerrado
========================================


========================================
         SERVIDOR ENCERRADO
========================================
Razão: Servidor sendo encerrado
========================================


========================================
         SERVIDOR ENCERRADO
========================================
Razão: Servidor sendo encerrado
========================================


========================================
         SERVIDOR ENCERRADO
========================================
Razão: Servidor sendo encerrado
========================================


========================================
         SERVIDOR ENCERRADO
========================================
Razão: Servidor sendo encerrado
========================================


========================================
         SERVIDOR ENCERRADO
========================================
Razão: Servidor sendo encerrado
========================================


========================================
         SERVIDOR ENCERRADO
========================================
Razão: Servidor sendo encerrado
========================================


========================================
         SERVIDOR ENCERRADO
========================================
Razão: Servidor sendo encerrado
========================================

Notificados 10 clientes

========================================
         SERVIDOR ENCERRADO
========================================
Razão: Servidor sendo encerrado
========================================


========================================
         SERVIDOR ENCERRADO
========================================
Razão: Servidor sendo encerrado
========================================

ServerSocket fechado.

[1/4] Fechando sockets de clientes...
Fechados 10 socket(s) de cliente(s).

[2/4] Encerrando client handlers...
  Chamando shutdown em Client Handler Pool...
  Aguardando término de Client Handler Pool (timeout: 5s)...
  ✓ Client Handler Pool encerrada com sucesso.

[3/5] Processando requests pendentes...
✓ Todas requests pendentes foram processadas.

[4/4] Cleanup concluído.
==================================================
  SERVIDOR ENCERRADO COM SUCESSO
==================================================

DeadlockMonitor parado
Encerrando RequestDispatcher...
RequestDispatcher encerrado
Desconectado do servidor
Desconectado do servidor
Desconectado do servidor
Desconectado do servidor
Desconectado do servidor
Desconectado do servidor
Desconectado do servidor
Desconectado do servidor
Desconectado do servidor
Desconectado do servidor

==================================================
  ENCERRANDO SERVIDOR
==================================================

[0/4] Notificando clientes...

========================================
Notificando 0 clientes sobre shutdown...
========================================
Notificados 0 clientes

[1/4] Fechando sockets de clientes...
Nenhum socket de cliente para fechar.

[2/4] Encerrando client handlers...
  Chamando shutdown em Client Handler Pool...
  Aguardando término de Client Handler Pool (timeout: 5s)...
  ✓ Client Handler Pool encerrada com sucesso.

[3/5] Processando requests pendentes...
✓ Todas requests pendentes foram processadas.

[4/4] Cleanup concluído.
==================================================
  SERVIDOR ENCERRADO COM SUCESSO
==================================================

Encerrando RequestDispatcher...
RequestDispatcher encerrado
]]></system-out>
    <system-err><![CDATA[[ERRO] 2026-01-09 18:51:24.044 - ClientHandler[cliente=/127.0.0.1]
  Exceção: java.net.SocketException: Socket closed
java.net.SocketException: Socket closed
	at java.base/sun.nio.ch.NioSocketImpl.endRead(NioSocketImpl.java:243)
	at java.base/sun.nio.ch.NioSocketImpl.implRead(NioSocketImpl.java:323)
	at java.base/sun.nio.ch.NioSocketImpl.read(NioSocketImpl.java:346)
	at java.base/sun.nio.ch.NioSocketImpl$1.read(NioSocketImpl.java:796)
	at java.base/java.net.Socket$SocketInputStream.implRead(Socket.java:1116)
	at java.base/java.net.Socket$SocketInputStream.read(Socket.java:1103)
	at java.base/java.io.DataInputStream.readFully(DataInputStream.java:208)
	at java.base/java.io.DataInputStream.readInt(DataInputStream.java:385)
	at middleware.Protocolo.receber(Protocolo.java:26)
	at server.presentation.handlers.ClientHandler.run(ClientHandler.java:46)
	at common.concurrency.ThreadPoolImpl.runWorkerLoop(ThreadPoolImpl.java:229)
	at java.base/java.lang.Thread.run(Thread.java:1575)

[ERRO] 2026-01-09 18:51:24.044 - ClientHandler[cliente=/127.0.0.1]
  Exceção: java.net.SocketException: Socket closed
java.net.SocketException: Socket closed
	at java.base/sun.nio.ch.NioSocketImpl.endRead(NioSocketImpl.java:243)
	at java.base/sun.nio.ch.NioSocketImpl.implRead(NioSocketImpl.java:323)
	at java.base/sun.nio.ch.NioSocketImpl.read(NioSocketImpl.java:346)
	at java.base/sun.nio.ch.NioSocketImpl$1.read(NioSocketImpl.java:796)
	at java.base/java.net.Socket$SocketInputStream.implRead(Socket.java:1116)
	at java.base/java.net.Socket$SocketInputStream.read(Socket.java:1103)
	at java.base/java.io.DataInputStream.readFully(DataInputStream.java:208)
	at java.base/java.io.DataInputStream.readInt(DataInputStream.java:385)
	at middleware.Protocolo.receber(Protocolo.java:26)
	at server.presentation.handlers.ClientHandler.run(ClientHandler.java:46)
	at common.concurrency.ThreadPoolImpl.runWorkerLoop(ThreadPoolImpl.java:229)
	at java.base/java.lang.Thread.run(Thread.java:1575)

[ERRO] 2026-01-09 18:51:24.045 - ClientHandler[cliente=/127.0.0.1]
  Exceção: java.net.SocketException: Socket closed
java.net.SocketException: Socket closed
	at java.base/sun.nio.ch.NioSocketImpl.endRead(NioSocketImpl.java:243)
	at java.base/sun.nio.ch.NioSocketImpl.implRead(NioSocketImpl.java:323)
	at java.base/sun.nio.ch.NioSocketImpl.read(NioSocketImpl.java:346)
	at java.base/sun.nio.ch.NioSocketImpl$1.read(NioSocketImpl.java:796)
	at java.base/java.net.Socket$SocketInputStream.implRead(Socket.java:1116)
	at java.base/java.net.Socket$SocketInputStream.read(Socket.java:1103)
	at java.base/java.io.DataInputStream.readFully(DataInputStream.java:208)
	at java.base/java.io.DataInputStream.readInt(DataInputStream.java:385)
	at middleware.Protocolo.receber(Protocolo.java:26)
	at server.presentation.handlers.ClientHandler.run(ClientHandler.java:46)
	at common.concurrency.ThreadPoolImpl.runWorkerLoop(ThreadPoolImpl.java:229)
	at java.base/java.lang.Thread.run(Thread.java:1575)

[ERRO] 2026-01-09 18:51:24.045 - ClientHandler[cliente=/127.0.0.1]
  Exceção: java.net.SocketException: Socket closed
java.net.SocketException: Socket closed
	at java.base/sun.nio.ch.NioSocketImpl.endRead(NioSocketImpl.java:243)
	at java.base/sun.nio.ch.NioSocketImpl.implRead(NioSocketImpl.java:323)
	at java.base/sun.nio.ch.NioSocketImpl.read(NioSocketImpl.java:346)
	at java.base/sun.nio.ch.NioSocketImpl$1.read(NioSocketImpl.java:796)
	at java.base/java.net.Socket$SocketInputStream.implRead(Socket.java:1116)
	at java.base/java.net.Socket$SocketInputStream.read(Socket.java:1103)
	at java.base/java.io.DataInputStream.readFully(DataInputStream.java:208)
	at java.base/java.io.DataInputStream.readInt(DataInputStream.java:385)
	at middleware.Protocolo.receber(Protocolo.java:26)
	at server.presentation.handlers.ClientHandler.run(ClientHandler.java:46)
	at common.concurrency.ThreadPoolImpl.runWorkerLoop(ThreadPoolImpl.java:229)
	at java.base/java.lang.Thread.run(Thread.java:1575)

[ERRO] 2026-01-09 18:51:24.046 - ClientHandler[cliente=/127.0.0.1]
  Exceção: java.net.SocketException: Socket closed
java.net.SocketException: Socket closed
	at java.base/sun.nio.ch.NioSocketImpl.endRead(NioSocketImpl.java:243)
	at java.base/sun.nio.ch.NioSocketImpl.implRead(NioSocketImpl.java:323)
	at java.base/sun.nio.ch.NioSocketImpl.read(NioSocketImpl.java:346)
	at java.base/sun.nio.ch.NioSocketImpl$1.read(NioSocketImpl.java:796)
	at java.base/java.net.Socket$SocketInputStream.implRead(Socket.java:1116)
	at java.base/java.net.Socket$SocketInputStream.read(Socket.java:1103)
	at java.base/java.io.DataInputStream.readFully(DataInputStream.java:208)
	at java.base/java.io.DataInputStream.readInt(DataInputStream.java:385)
	at middleware.Protocolo.receber(Protocolo.java:26)
	at server.presentation.handlers.ClientHandler.run(ClientHandler.java:46)
	at common.concurrency.ThreadPoolImpl.runWorkerLoop(ThreadPoolImpl.java:229)
	at java.base/java.lang.Thread.run(Thread.java:1575)

[ERRO] 2026-01-09 18:51:24.046 - ClientHandler[cliente=/127.0.0.1]
  Exceção: java.net.SocketException: Socket closed
java.net.SocketException: Socket closed
	at java.base/sun.nio.ch.NioSocketImpl.endRead(NioSocketImpl.java:243)
	at java.base/sun.nio.ch.NioSocketImpl.implRead(NioSocketImpl.java:323)
	at java.base/sun.nio.ch.NioSocketImpl.read(NioSocketImpl.java:346)
	at java.base/sun.nio.ch.NioSocketImpl$1.read(NioSocketImpl.java:796)
	at java.base/java.net.Socket$SocketInputStream.implRead(Socket.java:1116)
	at java.base/java.net.Socket$SocketInputStream.read(Socket.java:1103)
	at java.base/java.io.DataInputStream.readFully(DataInputStream.java:208)
	at java.base/java.io.DataInputStream.readInt(DataInputStream.java:385)
	at middleware.Protocolo.receber(Protocolo.java:26)
	at server.presentation.handlers.ClientHandler.run(ClientHandler.java:46)
	at common.concurrency.ThreadPoolImpl.runWorkerLoop(ThreadPoolImpl.java:229)
	at java.base/java.lang.Thread.run(Thread.java:1575)

[ERRO] 2026-01-09 18:51:24.047 - ClientHandler[cliente=/127.0.0.1]
  Exceção: java.net.SocketException: Socket closed
java.net.SocketException: Socket closed
	at java.base/sun.nio.ch.NioSocketImpl.endRead(NioSocketImpl.java:243)
	at java.base/sun.nio.ch.NioSocketImpl.implRead(NioSocketImpl.java:323)
	at java.base/sun.nio.ch.NioSocketImpl.read(NioSocketImpl.java:346)
	at java.base/sun.nio.ch.NioSocketImpl$1.read(NioSocketImpl.java:796)
	at java.base/java.net.Socket$SocketInputStream.implRead(Socket.java:1116)
	at java.base/java.net.Socket$SocketInputStream.read(Socket.java:1103)
	at java.base/java.io.DataInputStream.readFully(DataInputStream.java:208)
	at java.base/java.io.DataInputStream.readInt(DataInputStream.java:385)
	at middleware.Protocolo.receber(Protocolo.java:26)
	at server.presentation.handlers.ClientHandler.run(ClientHandler.java:46)
	at common.concurrency.ThreadPoolImpl.runWorkerLoop(ThreadPoolImpl.java:229)
	at java.base/java.lang.Thread.run(Thread.java:1575)

[ERRO] 2026-01-09 18:51:24.047 - ClientHandler[cliente=/127.0.0.1]
  Exceção: java.net.SocketException: Socket closed
java.net.SocketException: Socket closed
	at java.base/sun.nio.ch.NioSocketImpl.endRead(NioSocketImpl.java:243)
	at java.base/sun.nio.ch.NioSocketImpl.implRead(NioSocketImpl.java:323)
	at java.base/sun.nio.ch.NioSocketImpl.read(NioSocketImpl.java:346)
	at java.base/sun.nio.ch.NioSocketImpl$1.read(NioSocketImpl.java:796)
	at java.base/java.net.Socket$SocketInputStream.implRead(Socket.java:1116)
	at java.base/java.net.Socket$SocketInputStream.read(Socket.java:1103)
	at java.base/java.io.DataInputStream.readFully(DataInputStream.java:208)
	at java.base/java.io.DataInputStream.readInt(DataInputStream.java:385)
	at middleware.Protocolo.receber(Protocolo.java:26)
	at server.presentation.handlers.ClientHandler.run(ClientHandler.java:46)
	at common.concurrency.ThreadPoolImpl.runWorkerLoop(ThreadPoolImpl.java:229)
	at java.base/java.lang.Thread.run(Thread.java:1575)

[ERRO] 2026-01-09 18:51:24.048 - ClientHandler[cliente=/127.0.0.1]
  Exceção: java.net.SocketException: Socket closed
java.net.SocketException: Socket closed
	at java.base/sun.nio.ch.NioSocketImpl.endRead(NioSocketImpl.java:243)
	at java.base/sun.nio.ch.NioSocketImpl.implRead(NioSocketImpl.java:323)
	at java.base/sun.nio.ch.NioSocketImpl.read(NioSocketImpl.java:346)
	at java.base/sun.nio.ch.NioSocketImpl$1.read(NioSocketImpl.java:796)
	at java.base/java.net.Socket$SocketInputStream.implRead(Socket.java:1116)
	at java.base/java.net.Socket$SocketInputStream.read(Socket.java:1103)
	at java.base/java.io.DataInputStream.readFully(DataInputStream.java:208)
	at java.base/java.io.DataInputStream.readInt(DataInputStream.java:385)
	at middleware.Protocolo.receber(Protocolo.java:26)
	at server.presentation.handlers.ClientHandler.run(ClientHandler.java:46)
	at common.concurrency.ThreadPoolImpl.runWorkerLoop(ThreadPoolImpl.java:229)
	at java.base/java.lang.Thread.run(Thread.java:1575)

[ERRO] 2026-01-09 18:51:24.048 - ClientHandler[cliente=/127.0.0.1]
  Exceção: java.net.SocketException: Socket closed
java.net.SocketException: Socket closed
	at java.base/sun.nio.ch.NioSocketImpl.endRead(NioSocketImpl.java:243)
	at java.base/sun.nio.ch.NioSocketImpl.implRead(NioSocketImpl.java:323)
	at java.base/sun.nio.ch.NioSocketImpl.read(NioSocketImpl.java:346)
	at java.base/sun.nio.ch.NioSocketImpl$1.read(NioSocketImpl.java:796)
	at java.base/java.net.Socket$SocketInputStream.implRead(Socket.java:1116)
	at java.base/java.net.Socket$SocketInputStream.read(Socket.java:1103)
	at java.base/java.io.DataInputStream.readFully(DataInputStream.java:208)
	at java.base/java.io.DataInputStream.readInt(DataInputStream.java:385)
	at middleware.Protocolo.receber(Protocolo.java:26)
	at server.presentation.handlers.ClientHandler.run(ClientHandler.java:46)
	at common.concurrency.ThreadPoolImpl.runWorkerLoop(ThreadPoolImpl.java:229)
	at java.base/java.lang.Thread.run(Thread.java:1575)

]]></system-err>
  </testcase>
  <testcase name="testeServidorAguardaRequisicoesPendentes" classname="testes.ShutdownTest" time="5.559">
    <system-out><![CDATA[
==================================================
  ENCERRANDO SERVIDOR
==================================================

[0/4] Notificando clientes...

========================================
Notificando 0 clientes sobre shutdown...
========================================
Notificados 0 clientes

[1/4] Fechando sockets de clientes...
Nenhum socket de cliente para fechar.

[2/4] Encerrando client handlers...
  Chamando shutdown em Client Handler Pool...
  Aguardando término de Client Handler Pool (timeout: 5s)...
  ✓ Client Handler Pool encerrada com sucesso.

[3/5] Processando requests pendentes...
✓ Todas requests pendentes foram processadas.

[4/4] Cleanup concluído.
==================================================
  SERVIDOR ENCERRADO COM SUCESSO
==================================================

Encerrando RequestDispatcher...
RequestDispatcher encerrado
ServicoEventos iniciado no dia: 8 (Janela D=30)
RequestDispatcher criado com D=30 e S=5
==================================================
  SERVIÇO DE GESTÃO DE VENDAS
==================================================
Porta: 5557
Dias (D): 30
Séries (S): 5

Thread Pools:
  - Client Handlers: 20 threads
  - Request Workers: 50 threads
==================================================
Aguardando conexões...

DeadlockMonitor iniciado (intervalo: 30s)
ClienteMiddleware configurado com conexão dedicada
[Server] Cliente conectado: /127.0.0.1 (Total: 1)
Conectado ao servidor localhost:5557 (dedicado)
Cliente conectado: /127.0.0.1
Novo utilizador registado: shutdown41767984690563
Utilizador autenticado: shutdown41767984690563
Evento registrado: Produto=1, Qtd=10, Preço=50.00 (Dia 8)
Evento registrado: Produto=2, Qtd=10, Preço=50.00 (Dia 8)

==================================================
  ENCERRANDO SERVIDOR
==================================================

[0/4] Notificando clientes...

========================================
Notificando 1 clientes sobre shutdown...
========================================
Notificados 1 clientes

========================================
         SERVIDOR ENCERRADO
========================================
Razão: Servidor sendo encerrado
========================================

ServerSocket fechado.

[1/4] Fechando sockets de clientes...
Fechados 1 socket(s) de cliente(s).

[2/4] Encerrando client handlers...
  Chamando shutdown em Client Handler Pool...
  Aguardando término de Client Handler Pool (timeout: 5s)...
  ✓ Client Handler Pool encerrada com sucesso.

[3/5] Processando requests pendentes...
✓ Todas requests pendentes foram processadas.

[4/4] Cleanup concluído.
==================================================
  SERVIDOR ENCERRADO COM SUCESSO
==================================================

DeadlockMonitor parado
Encerrando RequestDispatcher...
RequestDispatcher encerrado
Desconectado do servidor

==================================================
  ENCERRANDO SERVIDOR
==================================================

[0/4] Notificando clientes...

========================================
Notificando 0 clientes sobre shutdown...
========================================
Notificados 0 clientes

[1/4] Fechando sockets de clientes...
Nenhum socket de cliente para fechar.

[2/4] Encerrando client handlers...
  Chamando shutdown em Client Handler Pool...
  Aguardando término de Client Handler Pool (timeout: 5s)...
  ✓ Client Handler Pool encerrada com sucesso.

[3/5] Processando requests pendentes...
✓ Todas requests pendentes foram processadas.

[4/4] Cleanup concluído.
==================================================
  SERVIDOR ENCERRADO COM SUCESSO
==================================================

Encerrando RequestDispatcher...
RequestDispatcher encerrado
]]></system-out>
    <system-err><![CDATA[[ERRO] 2026-01-09 18:51:31.612 - ClientHandler[cliente=/127.0.0.1]
  Exceção: java.net.SocketException: Socket closed
java.net.SocketException: Socket closed
	at java.base/sun.nio.ch.NioSocketImpl.endRead(NioSocketImpl.java:243)
	at java.base/sun.nio.ch.NioSocketImpl.implRead(NioSocketImpl.java:323)
	at java.base/sun.nio.ch.NioSocketImpl.read(NioSocketImpl.java:346)
	at java.base/sun.nio.ch.NioSocketImpl$1.read(NioSocketImpl.java:796)
	at java.base/java.net.Socket$SocketInputStream.implRead(Socket.java:1116)
	at java.base/java.net.Socket$SocketInputStream.read(Socket.java:1103)
	at java.base/java.io.DataInputStream.readFully(DataInputStream.java:208)
	at java.base/java.io.DataInputStream.readInt(DataInputStream.java:385)
	at middleware.Protocolo.receber(Protocolo.java:26)
	at server.presentation.handlers.ClientHandler.run(ClientHandler.java:46)
	at common.concurrency.ThreadPoolImpl.runWorkerLoop(ThreadPoolImpl.java:229)
	at java.base/java.lang.Thread.run(Thread.java:1575)

]]></system-err>
  </testcase>
  <testcase name="testeServidorFechaTodasConexoes" classname="testes.ShutdownTest" time="7.236">
    <system-out><![CDATA[
==================================================
  ENCERRANDO SERVIDOR
==================================================

[0/4] Notificando clientes...

========================================
Notificando 0 clientes sobre shutdown...
========================================
Notificados 0 clientes

[1/4] Fechando sockets de clientes...
Nenhum socket de cliente para fechar.

[2/4] Encerrando client handlers...
  Chamando shutdown em Client Handler Pool...
  Aguardando término de Client Handler Pool (timeout: 5s)...
  ✓ Client Handler Pool encerrada com sucesso.

[3/5] Processando requests pendentes...
✓ Todas requests pendentes foram processadas.

[4/4] Cleanup concluído.
==================================================
  SERVIDOR ENCERRADO COM SUCESSO
==================================================

Encerrando RequestDispatcher...
RequestDispatcher encerrado
ServicoEventos iniciado no dia: 8 (Janela D=30)
RequestDispatcher criado com D=30 e S=5
==================================================
  SERVIÇO DE GESTÃO DE VENDAS
==================================================
Porta: 5557
Dias (D): 30
Séries (S): 5

Thread Pools:
  - Client Handlers: 20 threads
  - Request Workers: 50 threads
==================================================
Aguardando conexões...

DeadlockMonitor iniciado (intervalo: 30s)
ClienteMiddleware configurado com conexão dedicada
[Server] Cliente conectado: /127.0.0.1 (Total: 1)
Conectado ao servidor localhost:5557 (dedicado)
Cliente conectado: /127.0.0.1
ClienteMiddleware configurado com conexão dedicada
[Server] Cliente conectado: /127.0.0.1 (Total: 2)
Conectado ao servidor localhost:5557 (dedicado)
Cliente conectado: /127.0.0.1
ClienteMiddleware configurado com conexão dedicada
[Server] Cliente conectado: /127.0.0.1 (Total: 3)
Conectado ao servidor localhost:5557 (dedicado)
Cliente conectado: /127.0.0.1
ClienteMiddleware configurado com conexão dedicada
[Server] Cliente conectado: /127.0.0.1 (Total: 4)
Conectado ao servidor localhost:5557 (dedicado)
Cliente conectado: /127.0.0.1
ClienteMiddleware configurado com conexão dedicada
[Server] Cliente conectado: /127.0.0.1 (Total: 5)
Conectado ao servidor localhost:5557 (dedicado)
Cliente conectado: /127.0.0.1

==================================================
  ENCERRANDO SERVIDOR
==================================================

[0/4] Notificando clientes...

========================================
Notificando 5 clientes sobre shutdown...
========================================

========================================
         SERVIDOR ENCERRADO
========================================
Razão: Servidor sendo encerrado
========================================


========================================
         SERVIDOR ENCERRADO

========================================
========================================
         SERVIDOR ENCERRADO
Razão: Servidor sendo encerrado
========================================
========================================

Notificados 5 clientes
Razão: Servidor sendo encerrado
========================================


========================================
         SERVIDOR ENCERRADO
========================================
Razão: Servidor sendo encerrado
========================================


========================================
         SERVIDOR ENCERRADO
========================================
Razão: Servidor sendo encerrado
========================================

ServerSocket fechado.

[1/4] Fechando sockets de clientes...
Fechados 5 socket(s) de cliente(s).

[2/4] Encerrando client handlers...
  Chamando shutdown em Client Handler Pool...
  Aguardando término de Client Handler Pool (timeout: 5s)...
  ✓ Client Handler Pool encerrada com sucesso.

[3/5] Processando requests pendentes...
✓ Todas requests pendentes foram processadas.

[4/4] Cleanup concluído.
==================================================
  SERVIDOR ENCERRADO COM SUCESSO
==================================================

DeadlockMonitor parado
Encerrando RequestDispatcher...
RequestDispatcher encerrado
Desconectado do servidor
Desconectado do servidor
Desconectado do servidor
Desconectado do servidor
Desconectado do servidor

==================================================
  ENCERRANDO SERVIDOR
==================================================

[0/4] Notificando clientes...

========================================
Notificando 0 clientes sobre shutdown...
========================================
Notificados 0 clientes

[1/4] Fechando sockets de clientes...
Nenhum socket de cliente para fechar.

[2/4] Encerrando client handlers...
  Chamando shutdown em Client Handler Pool...
  Aguardando término de Client Handler Pool (timeout: 5s)...
  ✓ Client Handler Pool encerrada com sucesso.

[3/5] Processando requests pendentes...
✓ Todas requests pendentes foram processadas.

[4/4] Cleanup concluído.
==================================================
  SERVIDOR ENCERRADO COM SUCESSO
==================================================

Encerrando RequestDispatcher...
RequestDispatcher encerrado
]]></system-out>
    <system-err><![CDATA[[ERRO] 2026-01-09 18:51:36.846 - ClientHandler[cliente=/127.0.0.1]
  Exceção: java.net.SocketException: Socket closed
java.net.SocketException: Socket closed
	at java.base/sun.nio.ch.NioSocketImpl.endRead(NioSocketImpl.java:243)
	at java.base/sun.nio.ch.NioSocketImpl.implRead(NioSocketImpl.java:323)
	at java.base/sun.nio.ch.NioSocketImpl.read(NioSocketImpl.java:346)
	at java.base/sun.nio.ch.NioSocketImpl$1.read(NioSocketImpl.java:796)
	at java.base/java.net.Socket$SocketInputStream.implRead(Socket.java:1116)
	at java.base/java.net.Socket$SocketInputStream.read(Socket.java:1103)
	at java.base/java.io.DataInputStream.readFully(DataInputStream.java:208)
	at java.base/java.io.DataInputStream.readInt(DataInputStream.java:385)
	at middleware.Protocolo.receber(Protocolo.java:26)
	at server.presentation.handlers.ClientHandler.run(ClientHandler.java:46)
	at common.concurrency.ThreadPoolImpl.runWorkerLoop(ThreadPoolImpl.java:229)
	at java.base/java.lang.Thread.run(Thread.java:1575)

[ERRO] 2026-01-09 18:51:36.847 - ClientHandler[cliente=/127.0.0.1]
  Exceção: java.net.SocketException: Socket closed
java.net.SocketException: Socket closed
	at java.base/sun.nio.ch.NioSocketImpl.endRead(NioSocketImpl.java:243)
	at java.base/sun.nio.ch.NioSocketImpl.implRead(NioSocketImpl.java:323)
	at java.base/sun.nio.ch.NioSocketImpl.read(NioSocketImpl.java:346)
	at java.base/sun.nio.ch.NioSocketImpl$1.read(NioSocketImpl.java:796)
	at java.base/java.net.Socket$SocketInputStream.implRead(Socket.java:1116)
	at java.base/java.net.Socket$SocketInputStream.read(Socket.java:1103)
	at java.base/java.io.DataInputStream.readFully(DataInputStream.java:208)
	at java.base/java.io.DataInputStream.readInt(DataInputStream.java:385)
	at middleware.Protocolo.receber(Protocolo.java:26)
	at server.presentation.handlers.ClientHandler.run(ClientHandler.java:46)
	at common.concurrency.ThreadPoolImpl.runWorkerLoop(ThreadPoolImpl.java:229)
	at java.base/java.lang.Thread.run(Thread.java:1575)

[ERRO] 2026-01-09 18:51:36.847 - ClientHandler[cliente=/127.0.0.1]
  Exceção: java.net.SocketException: Socket closed
java.net.SocketException: Socket closed
	at java.base/sun.nio.ch.NioSocketImpl.endRead(NioSocketImpl.java:243)
	at java.base/sun.nio.ch.NioSocketImpl.implRead(NioSocketImpl.java:323)
	at java.base/sun.nio.ch.NioSocketImpl.read(NioSocketImpl.java:346)
	at java.base/sun.nio.ch.NioSocketImpl$1.read(NioSocketImpl.java:796)
	at java.base/java.net.Socket$SocketInputStream.implRead(Socket.java:1116)
	at java.base/java.net.Socket$SocketInputStream.read(Socket.java:1103)
	at java.base/java.io.DataInputStream.readFully(DataInputStream.java:208)
	at java.base/java.io.DataInputStream.readInt(DataInputStream.java:385)
	at middleware.Protocolo.receber(Protocolo.java:26)
	at server.presentation.handlers.ClientHandler.run(ClientHandler.java:46)
	at common.concurrency.ThreadPoolImpl.runWorkerLoop(ThreadPoolImpl.java:229)
	at java.base/java.lang.Thread.run(Thread.java:1575)

[ERRO] 2026-01-09 18:51:36.848 - ClientHandler[cliente=/127.0.0.1]
  Exceção: java.net.SocketException: Socket closed
java.net.SocketException: Socket closed
	at java.base/sun.nio.ch.NioSocketImpl.endRead(NioSocketImpl.java:243)
	at java.base/sun.nio.ch.NioSocketImpl.implRead(NioSocketImpl.java:323)
	at java.base/sun.nio.ch.NioSocketImpl.read(NioSocketImpl.java:346)
	at java.base/sun.nio.ch.NioSocketImpl$1.read(NioSocketImpl.java:796)
	at java.base/java.net.Socket$SocketInputStream.implRead(Socket.java:1116)
	at java.base/java.net.Socket$SocketInputStream.read(Socket.java:1103)
	at java.base/java.io.DataInputStream.readFully(DataInputStream.java:208)
	at java.base/java.io.DataInputStream.readInt(DataInputStream.java:385)
	at middleware.Protocolo.receber(Protocolo.java:26)
	at server.presentation.handlers.ClientHandler.run(ClientHandler.java:46)
	at common.concurrency.ThreadPoolImpl.runWorkerLoop(ThreadPoolImpl.java:229)
	at java.base/java.lang.Thread.run(Thread.java:1575)

[ERRO] 2026-01-09 18:51:36.848 - ClientHandler[cliente=/127.0.0.1]
  Exceção: java.net.SocketException: Socket closed
java.net.SocketException: Socket closed
	at java.base/sun.nio.ch.NioSocketImpl.endRead(NioSocketImpl.java:243)
	at java.base/sun.nio.ch.NioSocketImpl.implRead(NioSocketImpl.java:323)
	at java.base/sun.nio.ch.NioSocketImpl.read(NioSocketImpl.java:346)
	at java.base/sun.nio.ch.NioSocketImpl$1.read(NioSocketImpl.java:796)
	at java.base/java.net.Socket$SocketInputStream.implRead(Socket.java:1116)
	at java.base/java.net.Socket$SocketInputStream.read(Socket.java:1103)
	at java.base/java.io.DataInputStream.readFully(DataInputStream.java:208)
	at java.base/java.io.DataInputStream.readInt(DataInputStream.java:385)
	at middleware.Protocolo.receber(Protocolo.java:26)
	at server.presentation.handlers.ClientHandler.run(ClientHandler.java:46)
	at common.concurrency.ThreadPoolImpl.runWorkerLoop(ThreadPoolImpl.java:229)
	at java.base/java.lang.Thread.run(Thread.java:1575)

]]></system-err>
  </testcase>
</testsuite>