<?xml version="1.0" encoding="UTF-8"?>
<testsuite xmlns:xsi="http://www.w3.org/2001/XMLSchema-instance" xsi:noNamespaceSchemaLocation="https://maven.apache.org/surefire/maven-surefire-plugin/xsd/surefire-test-report-3.0.xsd" version="3.0" name="testes.RepositoryTest" time="0.036" tests="8" errors="0" skipped="0" failures="0">
  <properties>
[...]
</properties>
  <testcase name="testUsuarioConcorrencia" classname="testes.RepositoryTest" time="0.009"/>
  <testcase name="testUsuarioExiste" classname="testes.RepositoryTest" time="0.002"/>
  <testcase name="testUsuarioListar" classname="testes.RepositoryTest" time="0.001"/>
  <testcase name="testUsuarioSalvarCarregar" classname="testes.RepositoryTest" time="0.002"/>
  <testcase name="testEventoConcorrencia" classname="testes.RepositoryTest" time="0.006">
    <system-out><![CDATA[Dia 0 salvo: 1 produtos
Dia 1 salvo: 1 produtos
Dia 2 salvo: 1 produtos
Dia 7 salvo: 1 produtos
Dia 3 salvo: 1 produtos
Dia 4 salvo: 1 produtos
Dia 4 carregado: 1 produtos
Dia 0 carregado: 1 produtos
Dia 5 salvo: 1 produtos
Dia 5 carregado: 1 produtos
Dia 1 carregado: 1 produtos
Dia 6 salvo: 1 produtos
Dia 6 carregado: 1 produtos
Dia 2 carregado: 1 produtos
Dia 8 salvo: 1 produtos
Dia 8 carregado: 1 produtos
Dia 7 carregado: 1 produtos
Dia 9 salvo: 1 produtos
Dia 9 carregado: 1 produtos
Dia 3 carregado: 1 produtos
]]></system-out>
  </testcase>
  <testcase name="testEventoUltimoDia" classname="testes.RepositoryTest" time="0.002">
    <system-out><![CDATA[Dia 0 salvo: 1 produtos
Dia 1 salvo: 1 produtos
Dia 2 salvo: 1 produtos
]]></system-out>
  </testcase>
  <testcase name="testEventoAgregar" classname="testes.RepositoryTest" time="0.002">
    <system-out><![CDATA[Dia 1 salvo: 1 produtos
]]></system-out>
  </testcase>
  <testcase name="testEventoSalvarCarregar" classname="testes.RepositoryTest" time="0.002">
    <system-out><![CDATA[Dia 0 salvo: 2 produtos
Dia 0 carregado: 2 produtos
]]></system-out>
  </testcase>
</testsuite>