<?xml version="1.0" encoding="UTF-8"?>
<testsuite xmlns:xsi="http://www.w3.org/2001/XMLSchema-instance" xsi:noNamespaceSchemaLocation="https://maven.apache.org/surefire/maven-surefire-plugin/xsd/surefire-test-report-3.0.xsd" version="3.0" name="testes.StressTest" time="41.857" tests="4" errors="0" skipped="0" failures="0">
  <properties>
[...]
</properties>
  <testcase name="testeCarga50Clientes" classname="testes.StressTest" time="0.951">
    <system-out><![CDATA[ServicoEventos iniciado no dia: 10 (Janela D=30)
RequestDispatcher criado com D=30 e S=10
==================================================
  SERVIÇO DE GESTÃO DE VENDAS
==================================================
Porta: 5556
Dias (D): 30
Séries (S): 10

Thread Pools:
  - Client Handlers: 20 threads
  - Request Workers: 50 threads
==================================================
Aguardando conexões...

DeadlockMonitor iniciado (intervalo: 30s)
ClienteMiddleware configurado com ConnectionPool (max=5)
ClienteMiddleware configurado com ConnectionPool (max=5)
ClienteMiddleware configurado com ConnectionPool (max=5)
ConnectionPool pronto para uso
ConnectionPool pronto para uso
ConnectionPool pronto para uso
ClienteMiddleware configurado com ConnectionPool (max=5)
ConnectionPool pronto para uso
ClienteMiddleware configurado com ConnectionPool (max=5)
ConnectionPool pronto para uso
ClienteMiddleware configurado com ConnectionPool (max=5)
ConnectionPool pronto para uso
ClienteMiddleware configurado com ConnectionPool (max=5)
ConnectionPool pronto para uso
[Server] Cliente conectado: /127.0.0.1 (Total: 1)
ClienteMiddleware configurado com ConnectionPool (max=5)
ConnectionPool pronto para uso
ClienteMiddleware configurado com ConnectionPool (max=5)
ConnectionPool pronto para uso
[Server] Cliente conectado: /127.0.0.1 (Total: 2)
ClienteMiddleware configurado com ConnectionPool (max=5)
ConnectionPool pronto para uso
[Server] Cliente conectado: /127.0.0.1 (Total: 3)
Cliente conectado: /127.0.0.1
ClienteMiddleware configurado com ConnectionPool (max=5)
ConnectionPool pronto para uso
[Server] Cliente conectado: /127.0.0.1 (Total: 4)
[Server] Cliente conectado: /127.0.0.1 (Total: 5)
ClienteMiddleware configurado com ConnectionPool (max=5)
ConnectionPool pronto para uso
Cliente conectado: /127.0.0.1
ClienteMiddleware configurado com ConnectionPool (max=5)
ConnectionPool pronto para uso
Cliente conectado: /127.0.0.1
Cliente conectado: /127.0.0.1
Cliente conectado: /127.0.0.1
[Server] Cliente conectado: /127.0.0.1 (Total: 6)
ClienteMiddleware configurado com ConnectionPool (max=5)
ConnectionPool pronto para uso
ClienteMiddleware configurado com ConnectionPool (max=5)
ConnectionPool pronto para uso
[Server] Cliente conectado: /127.0.0.1 (Total: 7)
Cliente conectado: /127.0.0.1
[Server] Cliente conectado: /127.0.0.1 (Total: 8)
Cliente conectado: /127.0.0.1
ClienteMiddleware configurado com ConnectionPool (max=5)
ConnectionPool pronto para uso
[Server] Cliente conectado: /127.0.0.1 (Total: 9)
Cliente conectado: /127.0.0.1
ClienteMiddleware configurado com ConnectionPool (max=5)
ConnectionPool pronto para uso
[Server] Cliente conectado: /127.0.0.1 (Total: 10)
ClienteMiddleware configurado com ConnectionPool (max=5)
ConnectionPool pronto para uso
Novo utilizador registado: stress094320916983684
[Server] Cliente conectado: /127.0.0.1 (Total: 11)
Cliente conectado: /127.0.0.1
ClienteMiddleware configurado com ConnectionPool (max=5)
ConnectionPool pronto para uso
Novo utilizador registado: stress394320917243786
ClienteMiddleware configurado com ConnectionPool (max=5)
ConnectionPool pronto para uso
Novo utilizador registado: stress494320917475165
Cliente conectado: /127.0.0.1
Cliente conectado: /127.0.0.1
[Server] Cliente conectado: /127.0.0.1 (Total: 12)
[Server] Cliente conectado: /127.0.0.1 (Total: 13)
Cliente conectado: /127.0.0.1
ClienteMiddleware configurado com ConnectionPool (max=5)
ConnectionPool pronto para uso
ClienteMiddleware configurado com ConnectionPool (max=5)
ConnectionPool pronto para uso
ClienteMiddleware configurado com ConnectionPool (max=5)
ConnectionPool pronto para uso
[Server] Cliente conectado: /127.0.0.1 (Total: 14)
Novo utilizador registado: stress294320916985714
[Server] Cliente conectado: /127.0.0.1 (Total: 15)
Cliente conectado: /127.0.0.1
Novo utilizador registado: stress594320918705007
Novo utilizador registado: stress694320917831249
Novo utilizador registado: stress794320917989361
ClienteMiddleware configurado com ConnectionPool (max=5)
ConnectionPool pronto para uso
[Server] Cliente conectado: /127.0.0.1 (Total: 16)
Cliente conectado: /127.0.0.1
Cliente conectado: /127.0.0.1
ClienteMiddleware configurado com ConnectionPool (max=5)
ConnectionPool pronto para uso
Cliente conectado: /127.0.0.1
ClienteMiddleware configurado com ConnectionPool (max=5)
ConnectionPool pronto para uso
Novo utilizador registado: stress194320916988602
ClienteMiddleware configurado com ConnectionPool (max=5)
ConnectionPool pronto para uso
Novo utilizador registado: stress1294320920221987
Novo utilizador registado: stress894320918791348
ClienteMiddleware configurado com ConnectionPool (max=5)
ConnectionPool pronto para uso
ClienteMiddleware configurado com ConnectionPool (max=5)
ConnectionPool pronto para uso
ClienteMiddleware configurado com ConnectionPool (max=5)
ConnectionPool pronto para uso
ClienteMiddleware configurado com ConnectionPool (max=5)
ConnectionPool pronto para uso
ClienteMiddleware configurado com ConnectionPool (max=5)
ConnectionPool pronto para uso
Utilizador autenticado: stress394320917243786
Utilizador autenticado: stress094320916983684
Utilizador autenticado: stress894320918791348
Utilizador autenticado: stress494320917475165
ClienteMiddleware configurado com ConnectionPool (max=5)
ConnectionPool pronto para uso
ClienteMiddleware configurado com ConnectionPool (max=5)
ConnectionPool pronto para uso
Novo utilizador registado: stress1094320919392486
ClienteMiddleware configurado com ConnectionPool (max=5)
ConnectionPool pronto para uso
ClienteMiddleware configurado com ConnectionPool (max=5)
ConnectionPool pronto para uso
ClienteMiddleware configurado com ConnectionPool (max=5)
ConnectionPool pronto para uso
Novo utilizador registado: stress1194320919762269
ClienteMiddleware configurado com ConnectionPool (max=5)
ConnectionPool pronto para uso
Novo utilizador registado: stress994320919041358
ClienteMiddleware configurado com ConnectionPool (max=5)
ConnectionPool pronto para uso
ClienteMiddleware configurado com ConnectionPool (max=5)
ConnectionPool pronto para uso
ClienteMiddleware configurado com ConnectionPool (max=5)
ConnectionPool pronto para uso
ClienteMiddleware configurado com ConnectionPool (max=5)
ConnectionPool pronto para uso
ClienteMiddleware configurado com ConnectionPool (max=5)
Utilizador autenticado: stress594320918705007
ConnectionPool pronto para uso
ClienteMiddleware configurado com ConnectionPool (max=5)
ConnectionPool pronto para uso
ClienteMiddleware configurado com ConnectionPool (max=5)
ConnectionPool pronto para uso
ClienteMiddleware configurado com ConnectionPool (max=5)
ConnectionPool pronto para uso
Utilizador autenticado: stress794320917989361
Utilizador autenticado: stress694320917831249
Novo utilizador registado: stress1394320921082765
Novo utilizador registado: stress1494320921024155
Utilizador autenticado: stress294320916985714
Novo utilizador registado: stress1594320921814813
ClienteMiddleware configurado com ConnectionPool (max=5)
ConnectionPool pronto para uso
[Server] Cliente conectado: /127.0.0.1 (Total: 17)
ClienteMiddleware configurado com ConnectionPool (max=5)
ConnectionPool pronto para uso
ClienteMiddleware configurado com ConnectionPool (max=5)
ConnectionPool pronto para uso
ClienteMiddleware configurado com ConnectionPool (max=5)
ConnectionPool pronto para uso
[Server] Cliente conectado: /127.0.0.1 (Total: 18)
[Server] Cliente conectado: /127.0.0.1 (Total: 19)
Utilizador autenticado: stress194320916988602
Cliente conectado: /127.0.0.1
[Server] Cliente conectado: /127.0.0.1 (Total: 20)
Utilizador autenticado: stress1294320920221987
Cliente conectado: /127.0.0.1
Utilizador autenticado: stress1094320919392486
[Server] Cliente conectado: /127.0.0.1 (Total: 21)
Cliente conectado: /127.0.0.1
[Server] Cliente conectado: /127.0.0.1 (Total: 22)
Cliente conectado: /127.0.0.1
[Server] Cliente conectado: /127.0.0.1 (Total: 23)
[Server] Cliente conectado: /127.0.0.1 (Total: 24)
[Server] Cliente conectado: /127.0.0.1 (Total: 25)
[Server] Cliente conectado: /127.0.0.1 (Total: 26)
[Server] Cliente conectado: /127.0.0.1 (Total: 27)
[Server] Cliente conectado: /127.0.0.1 (Total: 28)
Novo utilizador registado: stress1694320922246696
[Server] Cliente conectado: /127.0.0.1 (Total: 29)
[Server] Cliente conectado: /127.0.0.1 (Total: 30)
[Server] Cliente conectado: /127.0.0.1 (Total: 31)
[Server] Cliente conectado: /127.0.0.1 (Total: 32)
[Server] Cliente conectado: /127.0.0.1 (Total: 33)
[Server] Cliente conectado: /127.0.0.1 (Total: 34)
[Server] Cliente conectado: /127.0.0.1 (Total: 35)
[Server] Cliente conectado: /127.0.0.1 (Total: 36)
[Server] Cliente conectado: /127.0.0.1 (Total: 37)
[Server] Cliente conectado: /127.0.0.1 (Total: 38)
Novo utilizador registado: stress1794320922690450
[Server] Cliente conectado: /127.0.0.1 (Total: 39)
[Server] Cliente conectado: /127.0.0.1 (Total: 40)
Novo utilizador registado: stress1994320923675767
[Server] Cliente conectado: /127.0.0.1 (Total: 41)
Utilizador autenticado: stress1694320922246696
[Server] Cliente removido: /127.0.0.1 (Restantes: 40)
[Server] Cliente conectado: /127.0.0.1 (Total: 41)
[Server] Cliente removido: /127.0.0.1 (Restantes: 40)
[Server] Cliente conectado: /127.0.0.1 (Total: 41)
[Server] Cliente removido: /127.0.0.1 (Restantes: 40)
[Server] Cliente conectado: /127.0.0.1 (Total: 41)
[Server] Cliente removido: /127.0.0.1 (Restantes: 40)
[Server] Cliente conectado: /127.0.0.1 (Total: 41)
[Server] Cliente removido: /127.0.0.1 (Restantes: 40)
[Server] Cliente conectado: /127.0.0.1 (Total: 41)
[Server] Cliente removido: /127.0.0.1 (Restantes: 40)
[Server] Cliente conectado: /127.0.0.1 (Total: 41)
Utilizador autenticado: stress994320919041358
Utilizador autenticado: stress1194320919762269
[Server] Cliente removido: /127.0.0.1 (Restantes: 40)
[Server] Cliente conectado: /127.0.0.1 (Total: 41)
[Server] Cliente removido: /127.0.0.1 (Restantes: 40)
[Server] Cliente conectado: /127.0.0.1 (Total: 41)
[Server] Cliente removido: /127.0.0.1 (Restantes: 40)
[Server] Cliente conectado: /127.0.0.1 (Total: 41)
[Server] Cliente removido: /127.0.0.1 (Restantes: 40)
Utilizador autenticado: stress1494320921024155
Utilizador autenticado: stress1594320921814813
Utilizador autenticado: stress1394320921082765
Novo utilizador registado: stress1894320923382163
Utilizador autenticado: stress1994320923675767
Utilizador autenticado: stress1794320922690450
Utilizador autenticado: stress1894320923382163
Evento registrado: Produto=1, Qtd=1, Preço=10.00 (Dia 10)
Evento registrado: Produto=9, Qtd=1, Preço=10.00 (Dia 10)
Evento registrado: Produto=5, Qtd=1, Preço=10.00 (Dia 10)
Evento registrado: Produto=4, Qtd=1, Preço=10.00 (Dia 10)
Evento registrado: Produto=6, Qtd=1, Preço=10.00 (Dia 10)
Evento registrado: Produto=7, Qtd=1, Preço=10.00 (Dia 10)
Evento registrado: Produto=8, Qtd=1, Preço=10.00 (Dia 10)
Evento registrado: Produto=3, Qtd=1, Preço=10.00 (Dia 10)
Evento registrado: Produto=1, Qtd=1, Preço=10.00 (Dia 10)
Evento registrado: Produto=3, Qtd=1, Preço=10.00 (Dia 10)
Evento registrado: Produto=2, Qtd=1, Preço=10.00 (Dia 10)
Evento registrado: Produto=7, Qtd=1, Preço=10.00 (Dia 10)
Evento registrado: Produto=10, Qtd=1, Preço=10.00 (Dia 10)
Evento registrado: Produto=2, Qtd=1, Preço=10.00 (Dia 10)
Evento registrado: Produto=5, Qtd=1, Preço=10.00 (Dia 10)
Evento registrado: Produto=6, Qtd=1, Preço=10.00 (Dia 10)
Evento registrado: Produto=8, Qtd=1, Preço=10.00 (Dia 10)
Evento registrado: Produto=4, Qtd=1, Preço=10.00 (Dia 10)
Evento registrado: Produto=10, Qtd=1, Preço=10.00 (Dia 10)
Evento registrado: Produto=9, Qtd=1, Preço=10.00 (Dia 10)
Evento registrado: Produto=1, Qtd=1, Preço=10.00 (Dia 10)
Evento registrado: Produto=9, Qtd=1, Preço=10.00 (Dia 10)
Evento registrado: Produto=5, Qtd=1, Preço=10.00 (Dia 10)
Evento registrado: Produto=4, Qtd=1, Preço=10.00 (Dia 10)
Evento registrado: Produto=6, Qtd=1, Preço=10.00 (Dia 10)
Evento registrado: Produto=3, Qtd=1, Preço=10.00 (Dia 10)
Evento registrado: Produto=7, Qtd=1, Preço=10.00 (Dia 10)
Evento registrado: Produto=8, Qtd=1, Preço=10.00 (Dia 10)
Evento registrado: Produto=2, Qtd=1, Preço=10.00 (Dia 10)
Evento registrado: Produto=1, Qtd=1, Preço=10.00 (Dia 10)
Evento registrado: Produto=3, Qtd=1, Preço=10.00 (Dia 10)
Evento registrado: Produto=7, Qtd=1, Preço=10.00 (Dia 10)
Evento registrado: Produto=10, Qtd=1, Preço=10.00 (Dia 10)
Evento registrado: Produto=2, Qtd=1, Preço=10.00 (Dia 10)
Evento registrado: Produto=6, Qtd=1, Preço=10.00 (Dia 10)
Evento registrado: Produto=10, Qtd=1, Preço=10.00 (Dia 10)
Evento registrado: Produto=4, Qtd=1, Preço=10.00 (Dia 10)
Evento registrado: Produto=5, Qtd=1, Preço=10.00 (Dia 10)
Evento registrado: Produto=8, Qtd=1, Preço=10.00 (Dia 10)
Evento registrado: Produto=9, Qtd=1, Preço=10.00 (Dia 10)
Evento registrado: Produto=4, Qtd=1, Preço=10.00 (Dia 10)
Evento registrado: Produto=1, Qtd=1, Preço=10.00 (Dia 10)
Evento registrado: Produto=9, Qtd=1, Preço=10.00 (Dia 10)
Evento registrado: Produto=5, Qtd=1, Preço=10.00 (Dia 10)
Evento registrado: Produto=6, Qtd=1, Preço=10.00 (Dia 10)
Evento registrado: Produto=3, Qtd=1, Preço=10.00 (Dia 10)
Evento registrado: Produto=7, Qtd=1, Preço=10.00 (Dia 10)
Evento registrado: Produto=8, Qtd=1, Preço=10.00 (Dia 10)
Evento registrado: Produto=1, Qtd=1, Preço=10.00 (Dia 10)
Evento registrado: Produto=2, Qtd=1, Preço=10.00 (Dia 10)
Evento registrado: Produto=3, Qtd=1, Preço=10.00 (Dia 10)
Evento registrado: Produto=7, Qtd=1, Preço=10.00 (Dia 10)
Evento registrado: Produto=10, Qtd=1, Preço=10.00 (Dia 10)
Evento registrado: Produto=2, Qtd=1, Preço=10.00 (Dia 10)
Evento registrado: Produto=6, Qtd=1, Preço=10.00 (Dia 10)
Evento registrado: Produto=5, Qtd=1, Preço=10.00 (Dia 10)
Evento registrado: Produto=4, Qtd=1, Preço=10.00 (Dia 10)
Evento registrado: Produto=10, Qtd=1, Preço=10.00 (Dia 10)
Evento registrado: Produto=8, Qtd=1, Preço=10.00 (Dia 10)
Evento registrado: Produto=9, Qtd=1, Preço=10.00 (Dia 10)
Evento registrado: Produto=1, Qtd=1, Preço=10.00 (Dia 10)
Evento registrado: Produto=5, Qtd=1, Preço=10.00 (Dia 10)
Evento registrado: Produto=9, Qtd=1, Preço=10.00 (Dia 10)
Evento registrado: Produto=4, Qtd=1, Preço=10.00 (Dia 10)
Evento registrado: Produto=6, Qtd=1, Preço=10.00 (Dia 10)
Evento registrado: Produto=8, Qtd=1, Preço=10.00 (Dia 10)
Evento registrado: Produto=3, Qtd=1, Preço=10.00 (Dia 10)
Evento registrado: Produto=7, Qtd=1, Preço=10.00 (Dia 10)
Evento registrado: Produto=1, Qtd=1, Preço=10.00 (Dia 10)
Evento registrado: Produto=2, Qtd=1, Preço=10.00 (Dia 10)
Evento registrado: Produto=3, Qtd=1, Preço=10.00 (Dia 10)
Evento registrado: Produto=7, Qtd=1, Preço=10.00 (Dia 10)
Evento registrado: Produto=10, Qtd=1, Preço=10.00 (Dia 10)
Evento registrado: Produto=2, Qtd=1, Preço=10.00 (Dia 10)
Evento registrado: Produto=6, Qtd=1, Preço=10.00 (Dia 10)
Evento registrado: Produto=4, Qtd=1, Preço=10.00 (Dia 10)
Evento registrado: Produto=10, Qtd=1, Preço=10.00 (Dia 10)
Evento registrado: Produto=8, Qtd=1, Preço=10.00 (Dia 10)
Evento registrado: Produto=5, Qtd=1, Preço=10.00 (Dia 10)
Evento registrado: Produto=9, Qtd=1, Preço=10.00 (Dia 10)
Evento registrado: Produto=5, Qtd=1, Preço=10.00 (Dia 10)
Evento registrado: Produto=9, Qtd=1, Preço=10.00 (Dia 10)
Evento registrado: Produto=1, Qtd=1, Preço=10.00 (Dia 10)
Evento registrado: Produto=6, Qtd=1, Preço=10.00 (Dia 10)
Evento registrado: Produto=4, Qtd=1, Preço=10.00 (Dia 10)
Evento registrado: Produto=3, Qtd=1, Preço=10.00 (Dia 10)
Evento registrado: Produto=7, Qtd=1, Preço=10.00 (Dia 10)
Evento registrado: Produto=8, Qtd=1, Preço=10.00 (Dia 10)
Evento registrado: Produto=1, Qtd=1, Preço=10.00 (Dia 10)
Evento registrado: Produto=3, Qtd=1, Preço=10.00 (Dia 10)
Evento registrado: Produto=2, Qtd=1, Preço=10.00 (Dia 10)
Evento registrado: Produto=7, Qtd=1, Preço=10.00 (Dia 10)
Evento registrado: Produto=10, Qtd=1, Preço=10.00 (Dia 10)
Evento registrado: Produto=2, Qtd=1, Preço=10.00 (Dia 10)
Evento registrado: Produto=6, Qtd=1, Preço=10.00 (Dia 10)
Evento registrado: Produto=10, Qtd=1, Preço=10.00 (Dia 10)
Evento registrado: Produto=4, Qtd=1, Preço=10.00 (Dia 10)
Evento registrado: Produto=8, Qtd=1, Preço=10.00 (Dia 10)
Evento registrado: Produto=5, Qtd=1, Preço=10.00 (Dia 10)
Evento registrado: Produto=9, Qtd=1, Preço=10.00 (Dia 10)
Evento registrado: Produto=1, Qtd=1, Preço=10.00 (Dia 10)
Evento registrado: Produto=5, Qtd=1, Preço=10.00 (Dia 10)
Evento registrado: Produto=4, Qtd=1, Preço=10.00 (Dia 10)
Evento registrado: Produto=9, Qtd=1, Preço=10.00 (Dia 10)
Evento registrado: Produto=6, Qtd=1, Preço=10.00 (Dia 10)
Evento registrado: Produto=7, Qtd=1, Preço=10.00 (Dia 10)
Evento registrado: Produto=3, Qtd=1, Preço=10.00 (Dia 10)
Evento registrado: Produto=8, Qtd=1, Preço=10.00 (Dia 10)
Evento registrado: Produto=1, Qtd=1, Preço=10.00 (Dia 10)
Evento registrado: Produto=2, Qtd=1, Preço=10.00 (Dia 10)
Evento registrado: Produto=3, Qtd=1, Preço=10.00 (Dia 10)
Evento registrado: Produto=7, Qtd=1, Preço=10.00 (Dia 10)
Evento registrado: Produto=10, Qtd=1, Preço=10.00 (Dia 10)
Evento registrado: Produto=2, Qtd=1, Preço=10.00 (Dia 10)
Evento registrado: Produto=6, Qtd=1, Preço=10.00 (Dia 10)
Evento registrado: Produto=10, Qtd=1, Preço=10.00 (Dia 10)
Evento registrado: Produto=4, Qtd=1, Preço=10.00 (Dia 10)
Evento registrado: Produto=5, Qtd=1, Preço=10.00 (Dia 10)
Evento registrado: Produto=8, Qtd=1, Preço=10.00 (Dia 10)
Evento registrado: Produto=9, Qtd=1, Preço=10.00 (Dia 10)
Evento registrado: Produto=9, Qtd=1, Preço=10.00 (Dia 10)
Evento registrado: Produto=4, Qtd=1, Preço=10.00 (Dia 10)
Evento registrado: Produto=1, Qtd=1, Preço=10.00 (Dia 10)
Evento registrado: Produto=6, Qtd=1, Preço=10.00 (Dia 10)
Evento registrado: Produto=5, Qtd=1, Preço=10.00 (Dia 10)
Evento registrado: Produto=3, Qtd=1, Preço=10.00 (Dia 10)
Evento registrado: Produto=7, Qtd=1, Preço=10.00 (Dia 10)
Evento registrado: Produto=8, Qtd=1, Preço=10.00 (Dia 10)
Evento registrado: Produto=3, Qtd=1, Preço=10.00 (Dia 10)
Evento registrado: Produto=1, Qtd=1, Preço=10.00 (Dia 10)
Evento registrado: Produto=2, Qtd=1, Preço=10.00 (Dia 10)
Evento registrado: Produto=7, Qtd=1, Preço=10.00 (Dia 10)
Evento registrado: Produto=10, Qtd=1, Preço=10.00 (Dia 10)
Evento registrado: Produto=6, Qtd=1, Preço=10.00 (Dia 10)
Evento registrado: Produto=2, Qtd=1, Preço=10.00 (Dia 10)
Evento registrado: Produto=4, Qtd=1, Preço=10.00 (Dia 10)
Evento registrado: Produto=5, Qtd=1, Preço=10.00 (Dia 10)
Evento registrado: Produto=10, Qtd=1, Preço=10.00 (Dia 10)
Evento registrado: Produto=8, Qtd=1, Preço=10.00 (Dia 10)
Evento registrado: Produto=9, Qtd=1, Preço=10.00 (Dia 10)
Evento registrado: Produto=1, Qtd=1, Preço=10.00 (Dia 10)
Evento registrado: Produto=5, Qtd=1, Preço=10.00 (Dia 10)
Evento registrado: Produto=6, Qtd=1, Preço=10.00 (Dia 10)
Evento registrado: Produto=9, Qtd=1, Preço=10.00 (Dia 10)
Evento registrado: Produto=4, Qtd=1, Preço=10.00 (Dia 10)
Evento registrado: Produto=7, Qtd=1, Preço=10.00 (Dia 10)
Evento registrado: Produto=3, Qtd=1, Preço=10.00 (Dia 10)
Evento registrado: Produto=8, Qtd=1, Preço=10.00 (Dia 10)
Evento registrado: Produto=3, Qtd=1, Preço=10.00 (Dia 10)
Evento registrado: Produto=1, Qtd=1, Preço=10.00 (Dia 10)
Evento registrado: Produto=7, Qtd=1, Preço=10.00 (Dia 10)
Evento registrado: Produto=2, Qtd=1, Preço=10.00 (Dia 10)
Evento registrado: Produto=10, Qtd=1, Preço=10.00 (Dia 10)
Evento registrado: Produto=2, Qtd=1, Preço=10.00 (Dia 10)
Evento registrado: Produto=6, Qtd=1, Preço=10.00 (Dia 10)
Evento registrado: Produto=4, Qtd=1, Preço=10.00 (Dia 10)
Evento registrado: Produto=5, Qtd=1, Preço=10.00 (Dia 10)
Evento registrado: Produto=10, Qtd=1, Preço=10.00 (Dia 10)
Evento registrado: Produto=9, Qtd=1, Preço=10.00 (Dia 10)
Evento registrado: Produto=8, Qtd=1, Preço=10.00 (Dia 10)
Evento registrado: Produto=9, Qtd=1, Preço=10.00 (Dia 10)
Evento registrado: Produto=4, Qtd=1, Preço=10.00 (Dia 10)
Evento registrado: Produto=7, Qtd=1, Preço=10.00 (Dia 10)
Evento registrado: Produto=6, Qtd=1, Preço=10.00 (Dia 10)
Evento registrado: Produto=5, Qtd=1, Preço=10.00 (Dia 10)
Evento registrado: Produto=1, Qtd=1, Preço=10.00 (Dia 10)
Evento registrado: Produto=3, Qtd=1, Preço=10.00 (Dia 10)
Evento registrado: Produto=8, Qtd=1, Preço=10.00 (Dia 10)
Evento registrado: Produto=1, Qtd=1, Preço=10.00 (Dia 10)
Evento registrado: Produto=7, Qtd=1, Preço=10.00 (Dia 10)
Evento registrado: Produto=3, Qtd=1, Preço=10.00 (Dia 10)
Evento registrado: Produto=2, Qtd=1, Preço=10.00 (Dia 10)
Evento registrado: Produto=10, Qtd=1, Preço=10.00 (Dia 10)
Evento registrado: Produto=4, Qtd=1, Preço=10.00 (Dia 10)
Evento registrado: Produto=5, Qtd=1, Preço=10.00 (Dia 10)
Evento registrado: Produto=6, Qtd=1, Preço=10.00 (Dia 10)
Evento registrado: Produto=2, Qtd=1, Preço=10.00 (Dia 10)
Evento registrado: Produto=9, Qtd=1, Preço=10.00 (Dia 10)
Evento registrado: Produto=10, Qtd=1, Preço=10.00 (Dia 10)
Evento registrado: Produto=8, Qtd=1, Preço=10.00 (Dia 10)
Evento registrado: Produto=6, Qtd=1, Preço=10.00 (Dia 10)
Evento registrado: Produto=7, Qtd=1, Preço=10.00 (Dia 10)
Evento registrado: Produto=1, Qtd=1, Preço=10.00 (Dia 10)
Evento registrado: Produto=5, Qtd=1, Preço=10.00 (Dia 10)
Evento registrado: Produto=9, Qtd=1, Preço=10.00 (Dia 10)
Evento registrado: Produto=8, Qtd=1, Preço=10.00 (Dia 10)
Evento registrado: Produto=4, Qtd=1, Preço=10.00 (Dia 10)
Evento registrado: Produto=3, Qtd=1, Preço=10.00 (Dia 10)
Evento registrado: Produto=1, Qtd=1, Preço=10.00 (Dia 10)
Evento registrado: Produto=7, Qtd=1, Preço=10.00 (Dia 10)
Evento registrado: Produto=2, Qtd=1, Preço=10.00 (Dia 10)
Evento registrado: Produto=3, Qtd=1, Preço=10.00 (Dia 10)
Evento registrado: Produto=10, Qtd=1, Preço=10.00 (Dia 10)
Evento registrado: Produto=4, Qtd=1, Preço=10.00 (Dia 10)
Evento registrado: Produto=5, Qtd=1, Preço=10.00 (Dia 10)
Evento registrado: Produto=6, Qtd=1, Preço=10.00 (Dia 10)
Evento registrado: Produto=2, Qtd=1, Preço=10.00 (Dia 10)
Evento registrado: Produto=9, Qtd=1, Preço=10.00 (Dia 10)
Evento registrado: Produto=10, Qtd=1, Preço=10.00 (Dia 10)
Evento registrado: Produto=8, Qtd=1, Preço=10.00 (Dia 10)
ConnectionPool fechado
ConnectionPool fechado
ConnectionPool fechado
ConnectionPool fechado
ConnectionPool fechado
ConnectionPool fechado
ConnectionPool fechado
ConnectionPool fechado
Desconectado do servidor
ConnectionPool fechado
ConnectionPool fechado
ConnectionPool fechado
Desconectado do servidor
Desconectado do servidor
ConnectionPool fechado
Desconectado do servidor
ConnectionPool fechado
ConnectionPool fechado
Desconectado do servidor
Cliente desconectado: /127.0.0.1
Cliente desconectado: /127.0.0.1
ConnectionPool fechado
ConnectionPool fechado
Desconectado do servidor
[Server] Cliente removido: /127.0.0.1 (Restantes: 39)
Cliente desconectado: /127.0.0.1
Cliente conectado: /127.0.0.1
Cliente desconectado: /127.0.0.1
[Server] Cliente removido: /127.0.0.1 (Restantes: 38)
Cliente desconectado: /127.0.0.1
Cliente conectado: /127.0.0.1
[Server] Cliente removido: /127.0.0.1 (Restantes: 37)
Cliente desconectado: /127.0.0.1
Cliente conectado: /127.0.0.1
Cliente desconectado: /127.0.0.1
[Server] Cliente removido: /127.0.0.1 (Restantes: 36)
Cliente conectado: /127.0.0.1
[Server] Cliente removido: /127.0.0.1 (Restantes: 35)
Cliente desconectado: /127.0.0.1
Cliente conectado: /127.0.0.1
[Server] Cliente removido: /127.0.0.1 (Restantes: 34)
Cliente conectado: /127.0.0.1
Desconectado do servidor
[Server] Cliente removido: /127.0.0.1 (Restantes: 33)
[Server] Cliente removido: /127.0.0.1 (Restantes: 32)
Desconectado do servidor
Cliente conectado: /127.0.0.1
Cliente conectado: /127.0.0.1
Novo utilizador registado: stress2294320925984182
Novo utilizador registado: stress2194320925696336
Novo utilizador registado: stress2394320927826766
Novo utilizador registado: stress4294320936306308
Novo utilizador registado: stress4594320937154433
Novo utilizador registado: stress4494320936809016
Novo utilizador registado: stress4094320935597344
Novo utilizador registado: stress2094320925596373
Utilizador autenticado: stress2194320925696336
Utilizador autenticado: stress2394320927826766
Utilizador autenticado: stress4594320937154433
Utilizador autenticado: stress2294320925984182
Utilizador autenticado: stress4094320935597344
Utilizador autenticado: stress4294320936306308
Utilizador autenticado: stress4494320936809016
Utilizador autenticado: stress2094320925596373
ConnectionPool fechado
ConnectionPool fechado
ConnectionPool fechado
ConnectionPool fechado
ConnectionPool fechado
Desconectado do servidor
Desconectado do servidor
ConnectionPool fechado
ConnectionPool fechado
Desconectado do servidor
ConnectionPool fechado
Desconectado do servidor
Cliente desconectado: /127.0.0.1
[Server] Cliente removido: /127.0.0.1 (Restantes: 31)
Cliente desconectado: /127.0.0.1
Cliente conectado: /127.0.0.1
[Server] Cliente removido: /127.0.0.1 (Restantes: 30)
Cliente conectado: /127.0.0.1
Cliente desconectado: /127.0.0.1
[Server] Cliente removido: /127.0.0.1 (Restantes: 29)
Cliente conectado: /127.0.0.1
Cliente desconectado: /127.0.0.1
[Server] Cliente removido: /127.0.0.1 (Restantes: 28)
Cliente conectado: /127.0.0.1
Novo utilizador registado: stress4694320937914748
Novo utilizador registado: stress2494320928969857
Novo utilizador registado: stress3494320933619100
Novo utilizador registado: stress3694320933929637
Utilizador autenticado: stress3494320933619100
Utilizador autenticado: stress4694320937914748
Utilizador autenticado: stress2494320928969857
Utilizador autenticado: stress3694320933929637
ConnectionPool fechado
ConnectionPool fechado
Desconectado do servidor
Cliente desconectado: /127.0.0.1
[Server] Cliente removido: /127.0.0.1 (Restantes: 27)
Cliente conectado: /127.0.0.1
Novo utilizador registado: stress4194320935833138
Utilizador autenticado: stress4194320935833138
ConnectionPool fechado
ConnectionPool fechado
ConnectionPool fechado
Desconectado do servidor
ConnectionPool fechado
Desconectado do servidor
ConnectionPool fechado
ConnectionPool fechado
Desconectado do servidor
Cliente desconectado: /127.0.0.1
Cliente desconectado: /127.0.0.1
[Server] Cliente removido: /127.0.0.1 (Restantes: 26)
Cliente conectado: /127.0.0.1
[Server] Cliente removido: /127.0.0.1 (Restantes: 25)
Cliente conectado: /127.0.0.1
Cliente desconectado: /127.0.0.1
[Server] Cliente removido: /127.0.0.1 (Restantes: 24)
Cliente conectado: /127.0.0.1
Novo utilizador registado: stress4394320936518278
Novo utilizador registado: stress3994320935245714
ConnectionPool fechado
ConnectionPool fechado
Desconectado do servidor
Novo utilizador registado: stress2794320930513866
Cliente desconectado: /127.0.0.1
[Server] Cliente removido: /127.0.0.1 (Restantes: 23)
Cliente conectado: /127.0.0.1
Novo utilizador registado: stress3394320933415229
Utilizador autenticado: stress3994320935245714
ConnectionPool fechado
ConnectionPool fechado
Desconectado do servidor
Utilizador autenticado: stress4394320936518278
Utilizador autenticado: stress2794320930513866
Cliente desconectado: /127.0.0.1
[Server] Cliente removido: /127.0.0.1 (Restantes: 22)
Cliente conectado: /127.0.0.1
Novo utilizador registado: stress3094320931711761
Utilizador autenticado: stress3394320933415229
ConnectionPool fechado
ConnectionPool fechado
ConnectionPool fechado
ConnectionPool fechado
Desconectado do servidor
Desconectado do servidor
Cliente desconectado: /127.0.0.1
Cliente desconectado: /127.0.0.1
[Server] Cliente removido: /127.0.0.1 (Restantes: 21)
Cliente conectado: /127.0.0.1
[Server] Cliente removido: /127.0.0.1 (Restantes: 20)
Cliente conectado: /127.0.0.1
Utilizador autenticado: stress3094320931711761
Novo utilizador registado: stress3594320933770042
Novo utilizador registado: stress3794320934515272
Utilizador autenticado: stress3794320934515272
Utilizador autenticado: stress3594320933770042
Evento registrado: Produto=1, Qtd=1, Preço=10.00 (Dia 10)
Evento registrado: Produto=3, Qtd=1, Preço=10.00 (Dia 10)
Evento registrado: Produto=5, Qtd=1, Preço=10.00 (Dia 10)
Evento registrado: Produto=6, Qtd=1, Preço=10.00 (Dia 10)
Evento registrado: Produto=2, Qtd=1, Preço=10.00 (Dia 10)
Evento registrado: Produto=4, Qtd=1, Preço=10.00 (Dia 10)
Evento registrado: Produto=1, Qtd=1, Preço=10.00 (Dia 10)
Evento registrado: Produto=3, Qtd=1, Preço=10.00 (Dia 10)
Evento registrado: Produto=7, Qtd=1, Preço=10.00 (Dia 10)
Evento registrado: Produto=5, Qtd=1, Preço=10.00 (Dia 10)
Evento registrado: Produto=7, Qtd=1, Preço=10.00 (Dia 10)
Evento registrado: Produto=5, Qtd=1, Preço=10.00 (Dia 10)
Evento registrado: Produto=2, Qtd=1, Preço=10.00 (Dia 10)
Evento registrado: Produto=8, Qtd=1, Preço=10.00 (Dia 10)
Evento registrado: Produto=10, Qtd=1, Preço=10.00 (Dia 10)
Evento registrado: Produto=4, Qtd=1, Preço=10.00 (Dia 10)
Evento registrado: Produto=4, Qtd=1, Preço=10.00 (Dia 10)
Evento registrado: Produto=1, Qtd=1, Preço=10.00 (Dia 10)
Evento registrado: Produto=8, Qtd=1, Preço=10.00 (Dia 10)
Evento registrado: Produto=6, Qtd=1, Preço=10.00 (Dia 10)
Evento registrado: Produto=6, Qtd=1, Preço=10.00 (Dia 10)
Evento registrado: Produto=5, Qtd=1, Preço=10.00 (Dia 10)
Evento registrado: Produto=2, Qtd=1, Preço=10.00 (Dia 10)
Evento registrado: Produto=4, Qtd=1, Preço=10.00 (Dia 10)
Evento registrado: Produto=1, Qtd=1, Preço=10.00 (Dia 10)
Evento registrado: Produto=3, Qtd=1, Preço=10.00 (Dia 10)
Evento registrado: Produto=1, Qtd=1, Preço=10.00 (Dia 10)
Evento registrado: Produto=3, Qtd=1, Preço=10.00 (Dia 10)
Evento registrado: Produto=5, Qtd=1, Preço=10.00 (Dia 10)
Evento registrado: Produto=7, Qtd=1, Preço=10.00 (Dia 10)
Evento registrado: Produto=7, Qtd=1, Preço=10.00 (Dia 10)
Evento registrado: Produto=5, Qtd=1, Preço=10.00 (Dia 10)
Evento registrado: Produto=2, Qtd=1, Preço=10.00 (Dia 10)
Evento registrado: Produto=4, Qtd=1, Preço=10.00 (Dia 10)
Evento registrado: Produto=8, Qtd=1, Preço=10.00 (Dia 10)
Evento registrado: Produto=4, Qtd=1, Preço=10.00 (Dia 10)
Evento registrado: Produto=10, Qtd=1, Preço=10.00 (Dia 10)
Evento registrado: Produto=1, Qtd=1, Preço=10.00 (Dia 10)
Evento registrado: Produto=8, Qtd=1, Preço=10.00 (Dia 10)
Evento registrado: Produto=6, Qtd=1, Preço=10.00 (Dia 10)
Evento registrado: Produto=1, Qtd=1, Preço=10.00 (Dia 10)
Evento registrado: Produto=2, Qtd=1, Preço=10.00 (Dia 10)
Evento registrado: Produto=4, Qtd=1, Preço=10.00 (Dia 10)
Evento registrado: Produto=1, Qtd=1, Preço=10.00 (Dia 10)
Evento registrado: Produto=3, Qtd=1, Preço=10.00 (Dia 10)
Evento registrado: Produto=3, Qtd=1, Preço=10.00 (Dia 10)
Evento registrado: Produto=5, Qtd=1, Preço=10.00 (Dia 10)
Evento registrado: Produto=6, Qtd=1, Preço=10.00 (Dia 10)
Evento registrado: Produto=7, Qtd=1, Preço=10.00 (Dia 10)
Evento registrado: Produto=7, Qtd=1, Preço=10.00 (Dia 10)
Evento registrado: Produto=5, Qtd=1, Preço=10.00 (Dia 10)
Evento registrado: Produto=5, Qtd=1, Preço=10.00 (Dia 10)
Evento registrado: Produto=2, Qtd=1, Preço=10.00 (Dia 10)
Evento registrado: Produto=4, Qtd=1, Preço=10.00 (Dia 10)
Evento registrado: Produto=8, Qtd=1, Preço=10.00 (Dia 10)
Evento registrado: Produto=10, Qtd=1, Preço=10.00 (Dia 10)
Evento registrado: Produto=4, Qtd=1, Preço=10.00 (Dia 10)
Evento registrado: Produto=1, Qtd=1, Preço=10.00 (Dia 10)
Evento registrado: Produto=8, Qtd=1, Preço=10.00 (Dia 10)
Evento registrado: Produto=6, Qtd=1, Preço=10.00 (Dia 10)
Evento registrado: Produto=1, Qtd=1, Preço=10.00 (Dia 10)
Evento registrado: Produto=4, Qtd=1, Preço=10.00 (Dia 10)
Evento registrado: Produto=1, Qtd=1, Preço=10.00 (Dia 10)
Evento registrado: Produto=2, Qtd=1, Preço=10.00 (Dia 10)
Evento registrado: Produto=5, Qtd=1, Preço=10.00 (Dia 10)
Evento registrado: Produto=6, Qtd=1, Preço=10.00 (Dia 10)
Evento registrado: Produto=3, Qtd=1, Preço=10.00 (Dia 10)
Evento registrado: Produto=3, Qtd=1, Preço=10.00 (Dia 10)
Evento registrado: Produto=7, Qtd=1, Preço=10.00 (Dia 10)
Evento registrado: Produto=5, Qtd=1, Preço=10.00 (Dia 10)
Evento registrado: Produto=7, Qtd=1, Preço=10.00 (Dia 10)
Evento registrado: Produto=5, Qtd=1, Preço=10.00 (Dia 10)
Evento registrado: Produto=2, Qtd=1, Preço=10.00 (Dia 10)
Evento registrado: Produto=4, Qtd=1, Preço=10.00 (Dia 10)
Evento registrado: Produto=10, Qtd=1, Preço=10.00 (Dia 10)
Evento registrado: Produto=4, Qtd=1, Preço=10.00 (Dia 10)
Evento registrado: Produto=8, Qtd=1, Preço=10.00 (Dia 10)
Evento registrado: Produto=8, Qtd=1, Preço=10.00 (Dia 10)
Evento registrado: Produto=1, Qtd=1, Preço=10.00 (Dia 10)
Evento registrado: Produto=6, Qtd=1, Preço=10.00 (Dia 10)
Evento registrado: Produto=1, Qtd=1, Preço=10.00 (Dia 10)
Evento registrado: Produto=1, Qtd=1, Preço=10.00 (Dia 10)
Evento registrado: Produto=4, Qtd=1, Preço=10.00 (Dia 10)
Evento registrado: Produto=6, Qtd=1, Preço=10.00 (Dia 10)
Evento registrado: Produto=2, Qtd=1, Preço=10.00 (Dia 10)
Evento registrado: Produto=3, Qtd=1, Preço=10.00 (Dia 10)
Evento registrado: Produto=3, Qtd=1, Preço=10.00 (Dia 10)
Evento registrado: Produto=7, Qtd=1, Preço=10.00 (Dia 10)
Evento registrado: Produto=5, Qtd=1, Preço=10.00 (Dia 10)
Evento registrado: Produto=5, Qtd=1, Preço=10.00 (Dia 10)
Evento registrado: Produto=5, Qtd=1, Preço=10.00 (Dia 10)
Evento registrado: Produto=7, Qtd=1, Preço=10.00 (Dia 10)
Evento registrado: Produto=2, Qtd=1, Preço=10.00 (Dia 10)
Evento registrado: Produto=10, Qtd=1, Preço=10.00 (Dia 10)
Evento registrado: Produto=4, Qtd=1, Preço=10.00 (Dia 10)
Evento registrado: Produto=4, Qtd=1, Preço=10.00 (Dia 10)
Evento registrado: Produto=8, Qtd=1, Preço=10.00 (Dia 10)
Evento registrado: Produto=1, Qtd=1, Preço=10.00 (Dia 10)
Evento registrado: Produto=8, Qtd=1, Preço=10.00 (Dia 10)
Evento registrado: Produto=6, Qtd=1, Preço=10.00 (Dia 10)
Evento registrado: Produto=1, Qtd=1, Preço=10.00 (Dia 10)
Evento registrado: Produto=2, Qtd=1, Preço=10.00 (Dia 10)
Evento registrado: Produto=1, Qtd=1, Preço=10.00 (Dia 10)
Evento registrado: Produto=4, Qtd=1, Preço=10.00 (Dia 10)
Evento registrado: Produto=6, Qtd=1, Preço=10.00 (Dia 10)
Evento registrado: Produto=3, Qtd=1, Preço=10.00 (Dia 10)
Evento registrado: Produto=7, Qtd=1, Preço=10.00 (Dia 10)
Evento registrado: Produto=3, Qtd=1, Preço=10.00 (Dia 10)
Evento registrado: Produto=5, Qtd=1, Preço=10.00 (Dia 10)
Evento registrado: Produto=5, Qtd=1, Preço=10.00 (Dia 10)
Evento registrado: Produto=5, Qtd=1, Preço=10.00 (Dia 10)
Evento registrado: Produto=7, Qtd=1, Preço=10.00 (Dia 10)
Evento registrado: Produto=2, Qtd=1, Preço=10.00 (Dia 10)
Evento registrado: Produto=4, Qtd=1, Preço=10.00 (Dia 10)
Evento registrado: Produto=4, Qtd=1, Preço=10.00 (Dia 10)
Evento registrado: Produto=10, Qtd=1, Preço=10.00 (Dia 10)
Evento registrado: Produto=8, Qtd=1, Preço=10.00 (Dia 10)
Evento registrado: Produto=8, Qtd=1, Preço=10.00 (Dia 10)
Evento registrado: Produto=1, Qtd=1, Preço=10.00 (Dia 10)
Evento registrado: Produto=6, Qtd=1, Preço=10.00 (Dia 10)
Evento registrado: Produto=1, Qtd=1, Preço=10.00 (Dia 10)
Evento registrado: Produto=1, Qtd=1, Preço=10.00 (Dia 10)
Evento registrado: Produto=4, Qtd=1, Preço=10.00 (Dia 10)
Evento registrado: Produto=2, Qtd=1, Preço=10.00 (Dia 10)
Evento registrado: Produto=6, Qtd=1, Preço=10.00 (Dia 10)
Evento registrado: Produto=3, Qtd=1, Preço=10.00 (Dia 10)
Evento registrado: Produto=5, Qtd=1, Preço=10.00 (Dia 10)
Evento registrado: Produto=7, Qtd=1, Preço=10.00 (Dia 10)
Evento registrado: Produto=3, Qtd=1, Preço=10.00 (Dia 10)
Evento registrado: Produto=5, Qtd=1, Preço=10.00 (Dia 10)
Evento registrado: Produto=5, Qtd=1, Preço=10.00 (Dia 10)
Evento registrado: Produto=7, Qtd=1, Preço=10.00 (Dia 10)
Evento registrado: Produto=2, Qtd=1, Preço=10.00 (Dia 10)
Evento registrado: Produto=4, Qtd=1, Preço=10.00 (Dia 10)
Evento registrado: Produto=10, Qtd=1, Preço=10.00 (Dia 10)
Evento registrado: Produto=4, Qtd=1, Preço=10.00 (Dia 10)
Evento registrado: Produto=8, Qtd=1, Preço=10.00 (Dia 10)
Evento registrado: Produto=1, Qtd=1, Preço=10.00 (Dia 10)
Evento registrado: Produto=8, Qtd=1, Preço=10.00 (Dia 10)
Evento registrado: Produto=6, Qtd=1, Preço=10.00 (Dia 10)
Evento registrado: Produto=1, Qtd=1, Preço=10.00 (Dia 10)
Evento registrado: Produto=2, Qtd=1, Preço=10.00 (Dia 10)
Evento registrado: Produto=4, Qtd=1, Preço=10.00 (Dia 10)
Evento registrado: Produto=1, Qtd=1, Preço=10.00 (Dia 10)
Evento registrado: Produto=7, Qtd=1, Preço=10.00 (Dia 10)
Evento registrado: Produto=6, Qtd=1, Preço=10.00 (Dia 10)
Evento registrado: Produto=5, Qtd=1, Preço=10.00 (Dia 10)
Evento registrado: Produto=3, Qtd=1, Preço=10.00 (Dia 10)
Evento registrado: Produto=3, Qtd=1, Preço=10.00 (Dia 10)
Evento registrado: Produto=7, Qtd=1, Preço=10.00 (Dia 10)
Evento registrado: Produto=5, Qtd=1, Preço=10.00 (Dia 10)
Evento registrado: Produto=5, Qtd=1, Preço=10.00 (Dia 10)
Evento registrado: Produto=2, Qtd=1, Preço=10.00 (Dia 10)
Evento registrado: Produto=4, Qtd=1, Preço=10.00 (Dia 10)
Evento registrado: Produto=10, Qtd=1, Preço=10.00 (Dia 10)
Evento registrado: Produto=4, Qtd=1, Preço=10.00 (Dia 10)
Evento registrado: Produto=8, Qtd=1, Preço=10.00 (Dia 10)
Evento registrado: Produto=8, Qtd=1, Preço=10.00 (Dia 10)
Evento registrado: Produto=1, Qtd=1, Preço=10.00 (Dia 10)
Evento registrado: Produto=6, Qtd=1, Preço=10.00 (Dia 10)
Evento registrado: Produto=4, Qtd=1, Preço=10.00 (Dia 10)
Evento registrado: Produto=1, Qtd=1, Preço=10.00 (Dia 10)
Evento registrado: Produto=1, Qtd=1, Preço=10.00 (Dia 10)
Evento registrado: Produto=2, Qtd=1, Preço=10.00 (Dia 10)
Evento registrado: Produto=3, Qtd=1, Preço=10.00 (Dia 10)
Evento registrado: Produto=7, Qtd=1, Preço=10.00 (Dia 10)
Evento registrado: Produto=6, Qtd=1, Preço=10.00 (Dia 10)
Evento registrado: Produto=3, Qtd=1, Preço=10.00 (Dia 10)
Evento registrado: Produto=5, Qtd=1, Preço=10.00 (Dia 10)
Evento registrado: Produto=7, Qtd=1, Preço=10.00 (Dia 10)
Evento registrado: Produto=5, Qtd=1, Preço=10.00 (Dia 10)
Evento registrado: Produto=5, Qtd=1, Preço=10.00 (Dia 10)
Evento registrado: Produto=2, Qtd=1, Preço=10.00 (Dia 10)
Evento registrado: Produto=10, Qtd=1, Preço=10.00 (Dia 10)
Evento registrado: Produto=4, Qtd=1, Preço=10.00 (Dia 10)
Evento registrado: Produto=4, Qtd=1, Preço=10.00 (Dia 10)
Evento registrado: Produto=8, Qtd=1, Preço=10.00 (Dia 10)
Evento registrado: Produto=1, Qtd=1, Preço=10.00 (Dia 10)
Evento registrado: Produto=8, Qtd=1, Preço=10.00 (Dia 10)
Evento registrado: Produto=6, Qtd=1, Preço=10.00 (Dia 10)
Evento registrado: Produto=1, Qtd=1, Preço=10.00 (Dia 10)
Evento registrado: Produto=4, Qtd=1, Preço=10.00 (Dia 10)
Evento registrado: Produto=6, Qtd=1, Preço=10.00 (Dia 10)
Evento registrado: Produto=2, Qtd=1, Preço=10.00 (Dia 10)
Evento registrado: Produto=1, Qtd=1, Preço=10.00 (Dia 10)
Evento registrado: Produto=5, Qtd=1, Preço=10.00 (Dia 10)
Evento registrado: Produto=7, Qtd=1, Preço=10.00 (Dia 10)
Evento registrado: Produto=3, Qtd=1, Preço=10.00 (Dia 10)
Evento registrado: Produto=3, Qtd=1, Preço=10.00 (Dia 10)
Evento registrado: Produto=7, Qtd=1, Preço=10.00 (Dia 10)
Evento registrado: Produto=5, Qtd=1, Preço=10.00 (Dia 10)
Evento registrado: Produto=5, Qtd=1, Preço=10.00 (Dia 10)
Evento registrado: Produto=2, Qtd=1, Preço=10.00 (Dia 10)
Evento registrado: Produto=4, Qtd=1, Preço=10.00 (Dia 10)
Evento registrado: Produto=10, Qtd=1, Preço=10.00 (Dia 10)
Evento registrado: Produto=4, Qtd=1, Preço=10.00 (Dia 10)
Evento registrado: Produto=8, Qtd=1, Preço=10.00 (Dia 10)
Evento registrado: Produto=1, Qtd=1, Preço=10.00 (Dia 10)
Evento registrado: Produto=8, Qtd=1, Preço=10.00 (Dia 10)
Evento registrado: Produto=6, Qtd=1, Preço=10.00 (Dia 10)
ConnectionPool fechado
ConnectionPool fechado
ConnectionPool fechado
ConnectionPool fechado
Desconectado do servidor
Desconectado do servidor
Cliente desconectado: /127.0.0.1
Cliente desconectado: /127.0.0.1
[Server] Cliente removido: /127.0.0.1 (Restantes: 19)
[Server] Cliente removido: /127.0.0.1 (Restantes: 18)
ConnectionPool fechado
ConnectionPool fechado
ConnectionPool fechado
ConnectionPool fechado
Desconectado do servidor
ConnectionPool fechado
ConnectionPool fechado
ConnectionPool fechado
ConnectionPool fechado
Desconectado do servidor
Desconectado do servidor
ConnectionPool fechado
ConnectionPool fechado
Desconectado do servidor
Desconectado do servidor
ConnectionPool fechado
ConnectionPool fechado
Desconectado do servidor
Cliente desconectado: /127.0.0.1
Cliente desconectado: /127.0.0.1
[Server] Cliente removido: /127.0.0.1 (Restantes: 17)
[Server] Cliente removido: /127.0.0.1 (Restantes: 16)
Cliente desconectado: /127.0.0.1
ConnectionPool fechado
[Server] Cliente removido: /127.0.0.1 (Restantes: 15)
ConnectionPool fechado
Desconectado do servidor
Cliente desconectado: /127.0.0.1
[Server] Cliente removido: /127.0.0.1 (Restantes: 14)
Cliente desconectado: /127.0.0.1
[Server] Cliente removido: /127.0.0.1 (Restantes: 13)
Cliente desconectado: /127.0.0.1
Cliente desconectado: /127.0.0.1
[Server] Cliente removido: /127.0.0.1 (Restantes: 12)
[Server] Cliente removido: /127.0.0.1 (Restantes: 11)
ConnectionPool fechado
ConnectionPool fechado
Desconectado do servidor
Cliente desconectado: /127.0.0.1
[Server] Cliente removido: /127.0.0.1 (Restantes: 10)
ConnectionPool fechado
ConnectionPool fechado
Desconectado do servidor
Cliente desconectado: /127.0.0.1
[Server] Cliente removido: /127.0.0.1 (Restantes: 9)
ConnectionPool fechado
ConnectionPool fechado
Desconectado do servidor
Cliente desconectado: /127.0.0.1
[Server] Cliente removido: /127.0.0.1 (Restantes: 8)
ConnectionPool fechado
ConnectionPool fechado
Desconectado do servidor
Cliente desconectado: /127.0.0.1
[Server] Cliente removido: /127.0.0.1 (Restantes: 7)
ConnectionPool fechado
ConnectionPool fechado
ConnectionPool fechado
ConnectionPool fechado
ConnectionPool fechado
ConnectionPool fechado
Desconectado do servidor
Desconectado do servidor
Desconectado do servidor
Cliente desconectado: /127.0.0.1
Cliente desconectado: /127.0.0.1
Cliente desconectado: /127.0.0.1
[Server] Cliente removido: /127.0.0.1 (Restantes: 6)
[Server] Cliente removido: /127.0.0.1 (Restantes: 5)
[Server] Cliente removido: /127.0.0.1 (Restantes: 4)
ConnectionPool fechado
ConnectionPool fechado
Desconectado do servidor
Cliente desconectado: /127.0.0.1
[Server] Cliente removido: /127.0.0.1 (Restantes: 3)
ConnectionPool fechado
ConnectionPool fechado
Desconectado do servidor
ConnectionPool fechado
ConnectionPool fechado
Desconectado do servidor
Cliente desconectado: /127.0.0.1
Cliente desconectado: /127.0.0.1
[Server] Cliente removido: /127.0.0.1 (Restantes: 2)
[Server] Cliente removido: /127.0.0.1 (Restantes: 1)
ConnectionPool fechado
ConnectionPool fechado
Desconectado do servidor
Cliente desconectado: /127.0.0.1
[Server] Cliente removido: /127.0.0.1 (Restantes: 0)

[Carga] Resultados:
  Sucessos: 40
  Falhas:   10
  Duração:  949 ms
  Taxa:     80.0%
]]></system-out>
    <system-err><![CDATA[Pool de handlers cheia! Rejeitando cliente /127.0.0.1
Pool de handlers cheia! Rejeitando cliente /127.0.0.1
Pool de handlers cheia! Rejeitando cliente /127.0.0.1
Pool de handlers cheia! Rejeitando cliente /127.0.0.1
Pool de handlers cheia! Rejeitando cliente /127.0.0.1
Pool de handlers cheia! Rejeitando cliente /127.0.0.1
Pool de handlers cheia! Rejeitando cliente /127.0.0.1
Pool de handlers cheia! Rejeitando cliente /127.0.0.1
Pool de handlers cheia! Rejeitando cliente /127.0.0.1
Pool de handlers cheia! Rejeitando cliente /127.0.0.1
Cliente 26 - Exceção: Erro ao registrar: Erro ao invocar: null
Cliente 48 - Exceção: Erro ao registrar: Erro ao invocar: null
Cliente 28 - Exceção: Erro ao registrar: Erro ao invocar: null
Cliente 47 - Exceção: Erro ao registrar: Erro ao invocar: null
Cliente 49 - Exceção: Erro ao registrar: Erro ao invocar: null
Cliente 32 - Exceção: Erro ao registrar: Erro ao invocar: null
Cliente 31 - Exceção: Erro ao registrar: Erro ao invocar: null
Cliente 29 - Exceção: Erro ao registrar: Erro ao invocar: null
Cliente 25 - Exceção: Erro ao registrar: Erro ao invocar: null
Cliente 38 - Exceção: Erro ao registrar: Erro ao invocar: null
]]></system-err>
  </testcase>
  <testcase name="testeThroughput" classname="testes.StressTest" time="4.179">
    <system-out><![CDATA[ClienteMiddleware configurado com ConnectionPool (max=5)
ConnectionPool pronto para uso
ClienteMiddleware configurado com ConnectionPool (max=5)
ConnectionPool pronto para uso
ClienteMiddleware configurado com ConnectionPool (max=5)
ConnectionPool pronto para uso
ClienteMiddleware configurado com ConnectionPool (max=5)
ConnectionPool pronto para uso
ClienteMiddleware configurado com ConnectionPool (max=5)
ConnectionPool pronto para uso
ClienteMiddleware configurado com ConnectionPool (max=5)
ConnectionPool pronto para uso
[Server] Cliente conectado: /127.0.0.1 (Total: 1)
[Server] Cliente conectado: /127.0.0.1 (Total: 2)
[Server] Cliente conectado: /127.0.0.1 (Total: 3)
[Server] Cliente conectado: /127.0.0.1 (Total: 4)
Cliente conectado: /127.0.0.1
[Server] Cliente conectado: /127.0.0.1 (Total: 5)
Cliente conectado: /127.0.0.1
[Server] Cliente conectado: /127.0.0.1 (Total: 6)
Cliente conectado: /127.0.0.1
ClienteMiddleware configurado com ConnectionPool (max=5)
ConnectionPool pronto para uso
Cliente conectado: /127.0.0.1
Novo utilizador registado: throughput394321865933625
Novo utilizador registado: throughput094321865757156
Cliente conectado: /127.0.0.1
Novo utilizador registado: throughput294321866289044
Novo utilizador registado: throughput594321866309272
[Server] Cliente conectado: /127.0.0.1 (Total: 7)
ClienteMiddleware configurado com ConnectionPool (max=5)
Novo utilizador registado: throughput494321866050293
ConnectionPool pronto para uso
Cliente conectado: /127.0.0.1
ClienteMiddleware configurado com ConnectionPool (max=5)
ConnectionPool pronto para uso
ClienteMiddleware configurado com ConnectionPool (max=5)
ConnectionPool pronto para uso
Cliente conectado: /127.0.0.1
[Server] Cliente conectado: /127.0.0.1 (Total: 8)
Cliente conectado: /127.0.0.1
[Server] Cliente conectado: /127.0.0.1 (Total: 9)
Cliente conectado: /127.0.0.1
[Server] Cliente conectado: /127.0.0.1 (Total: 10)
Cliente conectado: /127.0.0.1
Novo utilizador registado: throughput794321867726873
Utilizador autenticado: throughput394321865933625
Utilizador autenticado: throughput094321865757156
Novo utilizador registado: throughput994321867755399
Utilizador autenticado: throughput594321866309272
Utilizador autenticado: throughput294321866289044
Novo utilizador registado: throughput194321865882344
Utilizador autenticado: throughput494321866050293
Novo utilizador registado: throughput894321867423498
Utilizador autenticado: throughput794321867726873
Utilizador autenticado: throughput994321867755399
Utilizador autenticado: throughput194321865882344
Utilizador autenticado: throughput894321867423498
Novo utilizador registado: throughput694321866954076
Utilizador autenticado: throughput694321866954076
Evento registrado: Produto=1, Qtd=1, Preço=10.00 (Dia 10)
Evento registrado: Produto=1, Qtd=1, Preço=10.00 (Dia 10)
Evento registrado: Produto=1, Qtd=1, Preço=10.00 (Dia 10)
Evento registrado: Produto=1, Qtd=1, Preço=10.00 (Dia 10)
Evento registrado: Produto=1, Qtd=1, Preço=10.00 (Dia 10)
Evento registrado: Produto=1, Qtd=1, Preço=10.00 (Dia 10)
Evento registrado: Produto=1, Qtd=1, Preço=10.00 (Dia 10)
Evento registrado: Produto=1, Qtd=1, Preço=10.00 (Dia 10)
Evento registrado: Produto=1, Qtd=1, Preço=10.00 (Dia 10)
Evento registrado: Produto=1, Qtd=1, Preço=10.00 (Dia 10)
Evento registrado: Produto=1, Qtd=1, Preço=10.00 (Dia 10)
Evento registrado: Produto=1, Qtd=1, Preço=10.00 (Dia 10)
Evento registrado: Produto=1, Qtd=1, Preço=10.00 (Dia 10)
Evento registrado: Produto=1, Qtd=1, Preço=10.00 (Dia 10)
Evento registrado: Produto=1, Qtd=1, Preço=10.00 (Dia 10)
Evento registrado: Produto=1, Qtd=1, Preço=10.00 (Dia 10)
Evento registrado: Produto=1, Qtd=1, Preço=10.00 (Dia 10)
Evento registrado: Produto=1, Qtd=1, Preço=10.00 (Dia 10)
Evento registrado: Produto=1, Qtd=1, Preço=10.00 (Dia 10)
Evento registrado: Produto=1, Qtd=1, Preço=10.00 (Dia 10)
Evento registrado: Produto=1, Qtd=1, Preço=10.00 (Dia 10)
Evento registrado: Produto=1, Qtd=1, Preço=10.00 (Dia 10)
Evento registrado: Produto=1, Qtd=1, Preço=10.00 (Dia 10)
Evento registrado: Produto=1, Qtd=1, Preço=10.00 (Dia 10)
Evento registrado: Produto=1, Qtd=1, Preço=10.00 (Dia 10)
Evento registrado: Produto=1, Qtd=1, Preço=10.00 (Dia 10)
Evento registrado: Produto=1, Qtd=1, Preço=10.00 (Dia 10)
Evento registrado: Produto=1, Qtd=1, Preço=10.00 (Dia 10)
Evento registrado: Produto=1, Qtd=1, Preço=10.00 (Dia 10)
Evento registrado: Produto=1, Qtd=1, Preço=10.00 (Dia 10)
Evento registrado: Produto=1, Qtd=1, Preço=10.00 (Dia 10)
Evento registrado: Produto=1, Qtd=1, Preço=10.00 (Dia 10)
Evento registrado: Produto=1, Qtd=1, Preço=10.00 (Dia 10)
Evento registrado: Produto=1, Qtd=1, Preço=10.00 (Dia 10)
Evento registrado: Produto=1, Qtd=1, Preço=10.00 (Dia 10)
Evento registrado: Produto=1, Qtd=1, Preço=10.00 (Dia 10)
Evento registrado: Produto=1, Qtd=1, Preço=10.00 (Dia 10)
Evento registrado: Produto=1, Qtd=1, Preço=10.00 (Dia 10)
Evento registrado: Produto=1, Qtd=1, Preço=10.00 (Dia 10)
Evento registrado: Produto=1, Qtd=1, Preço=10.00 (Dia 10)
Evento registrado: Produto=1, Qtd=1, Preço=10.00 (Dia 10)
Evento registrado: Produto=1, Qtd=1, Preço=10.00 (Dia 10)
Evento registrado: Produto=1, Qtd=1, Preço=10.00 (Dia 10)
Evento registrado: Produto=1, Qtd=1, Preço=10.00 (Dia 10)
Evento registrado: Produto=1, Qtd=1, Preço=10.00 (Dia 10)
Evento registrado: Produto=1, Qtd=1, Preço=10.00 (Dia 10)
Evento registrado: Produto=1, Qtd=1, Preço=10.00 (Dia 10)
Evento registrado: Produto=1, Qtd=1, Preço=10.00 (Dia 10)
Evento registrado: Produto=1, Qtd=1, Preço=10.00 (Dia 10)
Evento registrado: Produto=1, Qtd=1, Preço=10.00 (Dia 10)
Evento registrado: Produto=1, Qtd=1, Preço=10.00 (Dia 10)
Evento registrado: Produto=1, Qtd=1, Preço=10.00 (Dia 10)
Evento registrado: Produto=1, Qtd=1, Preço=10.00 (Dia 10)
Evento registrado: Produto=1, Qtd=1, Preço=10.00 (Dia 10)
Evento registrado: Produto=1, Qtd=1, Preço=10.00 (Dia 10)
Evento registrado: Produto=1, Qtd=1, Preço=10.00 (Dia 10)
Evento registrado: Produto=1, Qtd=1, Preço=10.00 (Dia 10)
Evento registrado: Produto=1, Qtd=1, Preço=10.00 (Dia 10)
Evento registrado: Produto=1, Qtd=1, Preço=10.00 (Dia 10)
Evento registrado: Produto=1, Qtd=1, Preço=10.00 (Dia 10)
Evento registrado: Produto=1, Qtd=1, Preço=10.00 (Dia 10)
Evento registrado: Produto=1, Qtd=1, Preço=10.00 (Dia 10)
Evento registrado: Produto=1, Qtd=1, Preço=10.00 (Dia 10)
Evento registrado: Produto=1, Qtd=1, Preço=10.00 (Dia 10)
Evento registrado: Produto=1, Qtd=1, Preço=10.00 (Dia 10)
Evento registrado: Produto=1, Qtd=1, Preço=10.00 (Dia 10)
Evento registrado: Produto=1, Qtd=1, Preço=10.00 (Dia 10)
Evento registrado: Produto=1, Qtd=1, Preço=10.00 (Dia 10)
Evento registrado: Produto=1, Qtd=1, Preço=10.00 (Dia 10)
Evento registrado: Produto=1, Qtd=1, Preço=10.00 (Dia 10)
Evento registrado: Produto=1, Qtd=1, Preço=10.00 (Dia 10)
Evento registrado: Produto=1, Qtd=1, Preço=10.00 (Dia 10)
Evento registrado: Produto=1, Qtd=1, Preço=10.00 (Dia 10)
Evento registrado: Produto=1, Qtd=1, Preço=10.00 (Dia 10)
Evento registrado: Produto=1, Qtd=1, Preço=10.00 (Dia 10)
Evento registrado: Produto=1, Qtd=1, Preço=10.00 (Dia 10)
Evento registrado: Produto=1, Qtd=1, Preço=10.00 (Dia 10)
Evento registrado: Produto=1, Qtd=1, Preço=10.00 (Dia 10)
Evento registrado: Produto=1, Qtd=1, Preço=10.00 (Dia 10)
Evento registrado: Produto=1, Qtd=1, Preço=10.00 (Dia 10)
Evento registrado: Produto=1, Qtd=1, Preço=10.00 (Dia 10)
Evento registrado: Produto=1, Qtd=1, Preço=10.00 (Dia 10)
Evento registrado: Produto=1, Qtd=1, Preço=10.00 (Dia 10)
Evento registrado: Produto=1, Qtd=1, Preço=10.00 (Dia 10)
Evento registrado: Produto=1, Qtd=1, Preço=10.00 (Dia 10)
Evento registrado: Produto=1, Qtd=1, Preço=10.00 (Dia 10)
Evento registrado: Produto=1, Qtd=1, Preço=10.00 (Dia 10)
Evento registrado: Produto=1, Qtd=1, Preço=10.00 (Dia 10)
Evento registrado: Produto=1, Qtd=1, Preço=10.00 (Dia 10)
Evento registrado: Produto=1, Qtd=1, Preço=10.00 (Dia 10)
Evento registrado: Produto=1, Qtd=1, Preço=10.00 (Dia 10)
Evento registrado: Produto=1, Qtd=1, Preço=10.00 (Dia 10)
Evento registrado: Produto=1, Qtd=1, Preço=10.00 (Dia 10)
Evento registrado: Produto=1, Qtd=1, Preço=10.00 (Dia 10)
Evento registrado: Produto=1, Qtd=1, Preço=10.00 (Dia 10)
Evento registrado: Produto=1, Qtd=1, Preço=10.00 (Dia 10)
Evento registrado: Produto=1, Qtd=1, Preço=10.00 (Dia 10)
Evento registrado: Produto=1, Qtd=1, Preço=10.00 (Dia 10)
Evento registrado: Produto=1, Qtd=1, Preço=10.00 (Dia 10)
Evento registrado: Produto=1, Qtd=1, Preço=10.00 (Dia 10)
Evento registrado: Produto=1, Qtd=1, Preço=10.00 (Dia 10)
Evento registrado: Produto=1, Qtd=1, Preço=10.00 (Dia 10)
Evento registrado: Produto=1, Qtd=1, Preço=10.00 (Dia 10)
Evento registrado: Produto=1, Qtd=1, Preço=10.00 (Dia 10)
Evento registrado: Produto=1, Qtd=1, Preço=10.00 (Dia 10)
Evento registrado: Produto=1, Qtd=1, Preço=10.00 (Dia 10)
Evento registrado: Produto=1, Qtd=1, Preço=10.00 (Dia 10)
Evento registrado: Produto=1, Qtd=1, Preço=10.00 (Dia 10)
Evento registrado: Produto=1, Qtd=1, Preço=10.00 (Dia 10)
Evento registrado: Produto=1, Qtd=1, Preço=10.00 (Dia 10)
Evento registrado: Produto=1, Qtd=1, Preço=10.00 (Dia 10)
Evento registrado: Produto=1, Qtd=1, Preço=10.00 (Dia 10)
Evento registrado: Produto=1, Qtd=1, Preço=10.00 (Dia 10)
Evento registrado: Produto=1, Qtd=1, Preço=10.00 (Dia 10)
Evento registrado: Produto=1, Qtd=1, Preço=10.00 (Dia 10)
Evento registrado: Produto=1, Qtd=1, Preço=10.00 (Dia 10)
Evento registrado: Produto=1, Qtd=1, Preço=10.00 (Dia 10)
Evento registrado: Produto=1, Qtd=1, Preço=10.00 (Dia 10)
Evento registrado: Produto=1, Qtd=1, Preço=10.00 (Dia 10)
Evento registrado: Produto=1, Qtd=1, Preço=10.00 (Dia 10)
Evento registrado: Produto=1, Qtd=1, Preço=10.00 (Dia 10)
Evento registrado: Produto=1, Qtd=1, Preço=10.00 (Dia 10)
Evento registrado: Produto=1, Qtd=1, Preço=10.00 (Dia 10)
Evento registrado: Produto=1, Qtd=1, Preço=10.00 (Dia 10)
Evento registrado: Produto=1, Qtd=1, Preço=10.00 (Dia 10)
Evento registrado: Produto=1, Qtd=1, Preço=10.00 (Dia 10)
Evento registrado: Produto=1, Qtd=1, Preço=10.00 (Dia 10)
Evento registrado: Produto=1, Qtd=1, Preço=10.00 (Dia 10)
Evento registrado: Produto=1, Qtd=1, Preço=10.00 (Dia 10)
Evento registrado: Produto=1, Qtd=1, Preço=10.00 (Dia 10)
Evento registrado: Produto=1, Qtd=1, Preço=10.00 (Dia 10)
Evento registrado: Produto=1, Qtd=1, Preço=10.00 (Dia 10)
Evento registrado: Produto=1, Qtd=1, Preço=10.00 (Dia 10)
Evento registrado: Produto=1, Qtd=1, Preço=10.00 (Dia 10)
Evento registrado: Produto=1, Qtd=1, Preço=10.00 (Dia 10)
Evento registrado: Produto=1, Qtd=1, Preço=10.00 (Dia 10)
Evento registrado: Produto=1, Qtd=1, Preço=10.00 (Dia 10)
Evento registrado: Produto=1, Qtd=1, Preço=10.00 (Dia 10)
Evento registrado: Produto=1, Qtd=1, Preço=10.00 (Dia 10)
Evento registrado: Produto=1, Qtd=1, Preço=10.00 (Dia 10)
Evento registrado: Produto=1, Qtd=1, Preço=10.00 (Dia 10)
Evento registrado: Produto=1, Qtd=1, Preço=10.00 (Dia 10)
Evento registrado: Produto=1, Qtd=1, Preço=10.00 (Dia 10)
Evento registrado: Produto=1, Qtd=1, Preço=10.00 (Dia 10)
Evento registrado: Produto=1, Qtd=1, Preço=10.00 (Dia 10)
Evento registrado: Produto=1, Qtd=1, Preço=10.00 (Dia 10)
Evento registrado: Produto=1, Qtd=1, Preço=10.00 (Dia 10)
Evento registrado: Produto=1, Qtd=1, Preço=10.00 (Dia 10)
Evento registrado: Produto=1, Qtd=1, Preço=10.00 (Dia 10)
Evento registrado: Produto=1, Qtd=1, Preço=10.00 (Dia 10)
Evento registrado: Produto=1, Qtd=1, Preço=10.00 (Dia 10)
Evento registrado: Produto=1, Qtd=1, Preço=10.00 (Dia 10)
Evento registrado: Produto=1, Qtd=1, Preço=10.00 (Dia 10)
Evento registrado: Produto=1, Qtd=1, Preço=10.00 (Dia 10)
Evento registrado: Produto=1, Qtd=1, Preço=10.00 (Dia 10)
Evento registrado: Produto=1, Qtd=1, Preço=10.00 (Dia 10)
Evento registrado: Produto=1, Qtd=1, Preço=10.00 (Dia 10)
Evento registrado: Produto=1, Qtd=1, Preço=10.00 (Dia 10)
Evento registrado: Produto=1, Qtd=1, Preço=10.00 (Dia 10)
Evento registrado: Produto=1, Qtd=1, Preço=10.00 (Dia 10)
Evento registrado: Produto=1, Qtd=1, Preço=10.00 (Dia 10)
Evento registrado: Produto=1, Qtd=1, Preço=10.00 (Dia 10)
Evento registrado: Produto=1, Qtd=1, Preço=10.00 (Dia 10)
Evento registrado: Produto=1, Qtd=1, Preço=10.00 (Dia 10)
Evento registrado: Produto=1, Qtd=1, Preço=10.00 (Dia 10)
Evento registrado: Produto=1, Qtd=1, Preço=10.00 (Dia 10)
Evento registrado: Produto=1, Qtd=1, Preço=10.00 (Dia 10)
Evento registrado: Produto=1, Qtd=1, Preço=10.00 (Dia 10)
Evento registrado: Produto=1, Qtd=1, Preço=10.00 (Dia 10)
Evento registrado: Produto=1, Qtd=1, Preço=10.00 (Dia 10)
Evento registrado: Produto=1, Qtd=1, Preço=10.00 (Dia 10)
Evento registrado: Produto=1, Qtd=1, Preço=10.00 (Dia 10)
Evento registrado: Produto=1, Qtd=1, Preço=10.00 (Dia 10)
Evento registrado: Produto=1, Qtd=1, Preço=10.00 (Dia 10)
Evento registrado: Produto=1, Qtd=1, Preço=10.00 (Dia 10)
Evento registrado: Produto=1, Qtd=1, Preço=10.00 (Dia 10)
Evento registrado: Produto=1, Qtd=1, Preço=10.00 (Dia 10)
Evento registrado: Produto=1, Qtd=1, Preço=10.00 (Dia 10)
Evento registrado: Produto=1, Qtd=1, Preço=10.00 (Dia 10)
Evento registrado: Produto=1, Qtd=1, Preço=10.00 (Dia 10)
Evento registrado: Produto=1, Qtd=1, Preço=10.00 (Dia 10)
Evento registrado: Produto=1, Qtd=1, Preço=10.00 (Dia 10)
Evento registrado: Produto=1, Qtd=1, Preço=10.00 (Dia 10)
Evento registrado: Produto=1, Qtd=1, Preço=10.00 (Dia 10)
Evento registrado: Produto=1, Qtd=1, Preço=10.00 (Dia 10)
Evento registrado: Produto=1, Qtd=1, Preço=10.00 (Dia 10)
Evento registrado: Produto=1, Qtd=1, Preço=10.00 (Dia 10)
Evento registrado: Produto=1, Qtd=1, Preço=10.00 (Dia 10)
Evento registrado: Produto=1, Qtd=1, Preço=10.00 (Dia 10)
Evento registrado: Produto=1, Qtd=1, Preço=10.00 (Dia 10)
Evento registrado: Produto=1, Qtd=1, Preço=10.00 (Dia 10)
Evento registrado: Produto=1, Qtd=1, Preço=10.00 (Dia 10)
Evento registrado: Produto=1, Qtd=1, Preço=10.00 (Dia 10)
Evento registrado: Produto=1, Qtd=1, Preço=10.00 (Dia 10)
Evento registrado: Produto=1, Qtd=1, Preço=10.00 (Dia 10)
Evento registrado: Produto=1, Qtd=1, Preço=10.00 (Dia 10)
Evento registrado: Produto=1, Qtd=1, Preço=10.00 (Dia 10)
Evento registrado: Produto=1, Qtd=1, Preço=10.00 (Dia 10)
Evento registrado: Produto=1, Qtd=1, Preço=10.00 (Dia 10)
Evento registrado: Produto=1, Qtd=1, Preço=10.00 (Dia 10)
Evento registrado: Produto=1, Qtd=1, Preço=10.00 (Dia 10)
Evento registrado: Produto=1, Qtd=1, Preço=10.00 (Dia 10)
Evento registrado: Produto=1, Qtd=1, Preço=10.00 (Dia 10)
Evento registrado: Produto=1, Qtd=1, Preço=10.00 (Dia 10)
Evento registrado: Produto=1, Qtd=1, Preço=10.00 (Dia 10)
Evento registrado: Produto=1, Qtd=1, Preço=10.00 (Dia 10)
Evento registrado: Produto=1, Qtd=1, Preço=10.00 (Dia 10)
Evento registrado: Produto=1, Qtd=1, Preço=10.00 (Dia 10)
Evento registrado: Produto=1, Qtd=1, Preço=10.00 (Dia 10)
Evento registrado: Produto=1, Qtd=1, Preço=10.00 (Dia 10)
Evento registrado: Produto=1, Qtd=1, Preço=10.00 (Dia 10)
Evento registrado: Produto=1, Qtd=1, Preço=10.00 (Dia 10)
Evento registrado: Produto=1, Qtd=1, Preço=10.00 (Dia 10)
Evento registrado: Produto=1, Qtd=1, Preço=10.00 (Dia 10)
Evento registrado: Produto=1, Qtd=1, Preço=10.00 (Dia 10)
Evento registrado: Produto=1, Qtd=1, Preço=10.00 (Dia 10)
Evento registrado: Produto=1, Qtd=1, Preço=10.00 (Dia 10)
Evento registrado: Produto=1, Qtd=1, Preço=10.00 (Dia 10)
Evento registrado: Produto=1, Qtd=1, Preço=10.00 (Dia 10)
Evento registrado: Produto=1, Qtd=1, Preço=10.00 (Dia 10)
Evento registrado: Produto=1, Qtd=1, Preço=10.00 (Dia 10)
Evento registrado: Produto=1, Qtd=1, Preço=10.00 (Dia 10)
Evento registrado: Produto=1, Qtd=1, Preço=10.00 (Dia 10)
Evento registrado: Produto=1, Qtd=1, Preço=10.00 (Dia 10)
Evento registrado: Produto=1, Qtd=1, Preço=10.00 (Dia 10)
Evento registrado: Produto=1, Qtd=1, Preço=10.00 (Dia 10)
Evento registrado: Produto=1, Qtd=1, Preço=10.00 (Dia 10)
Evento registrado: Produto=1, Qtd=1, Preço=10.00 (Dia 10)
Evento registrado: Produto=1, Qtd=1, Preço=10.00 (Dia 10)
Evento registrado: Produto=1, Qtd=1, Preço=10.00 (Dia 10)
Evento registrado: Produto=1, Qtd=1, Preço=10.00 (Dia 10)
Evento registrado: Produto=1, Qtd=1, Preço=10.00 (Dia 10)
Evento registrado: Produto=1, Qtd=1, Preço=10.00 (Dia 10)
Evento registrado: Produto=1, Qtd=1, Preço=10.00 (Dia 10)
Evento registrado: Produto=1, Qtd=1, Preço=10.00 (Dia 10)
Evento registrado: Produto=1, Qtd=1, Preço=10.00 (Dia 10)
Evento registrado: Produto=1, Qtd=1, Preço=10.00 (Dia 10)
Evento registrado: Produto=1, Qtd=1, Preço=10.00 (Dia 10)
Evento registrado: Produto=1, Qtd=1, Preço=10.00 (Dia 10)
Evento registrado: Produto=1, Qtd=1, Preço=10.00 (Dia 10)
Evento registrado: Produto=1, Qtd=1, Preço=10.00 (Dia 10)
Evento registrado: Produto=1, Qtd=1, Preço=10.00 (Dia 10)
Evento registrado: Produto=1, Qtd=1, Preço=10.00 (Dia 10)
Evento registrado: Produto=1, Qtd=1, Preço=10.00 (Dia 10)
Evento registrado: Produto=1, Qtd=1, Preço=10.00 (Dia 10)
Evento registrado: Produto=1, Qtd=1, Preço=10.00 (Dia 10)
Evento registrado: Produto=1, Qtd=1, Preço=10.00 (Dia 10)
Evento registrado: Produto=1, Qtd=1, Preço=10.00 (Dia 10)
Evento registrado: Produto=1, Qtd=1, Preço=10.00 (Dia 10)
Evento registrado: Produto=1, Qtd=1, Preço=10.00 (Dia 10)
Evento registrado: Produto=1, Qtd=1, Preço=10.00 (Dia 10)
Evento registrado: Produto=1, Qtd=1, Preço=10.00 (Dia 10)
Evento registrado: Produto=1, Qtd=1, Preço=10.00 (Dia 10)
Evento registrado: Produto=1, Qtd=1, Preço=10.00 (Dia 10)
Evento registrado: Produto=1, Qtd=1, Preço=10.00 (Dia 10)
Evento registrado: Produto=1, Qtd=1, Preço=10.00 (Dia 10)
Evento registrado: Produto=1, Qtd=1, Preço=10.00 (Dia 10)
Evento registrado: Produto=1, Qtd=1, Preço=10.00 (Dia 10)
Evento registrado: Produto=1, Qtd=1, Preço=10.00 (Dia 10)
Evento registrado: Produto=1, Qtd=1, Preço=10.00 (Dia 10)
Evento registrado: Produto=1, Qtd=1, Preço=10.00 (Dia 10)
Evento registrado: Produto=1, Qtd=1, Preço=10.00 (Dia 10)
Evento registrado: Produto=1, Qtd=1, Preço=10.00 (Dia 10)
Evento registrado: Produto=1, Qtd=1, Preço=10.00 (Dia 10)
Evento registrado: Produto=1, Qtd=1, Preço=10.00 (Dia 10)
Evento registrado: Produto=1, Qtd=1, Preço=10.00 (Dia 10)
Evento registrado: Produto=1, Qtd=1, Preço=10.00 (Dia 10)
Evento registrado: Produto=1, Qtd=1, Preço=10.00 (Dia 10)
Evento registrado: Produto=1, Qtd=1, Preço=10.00 (Dia 10)
Evento registrado: Produto=1, Qtd=1, Preço=10.00 (Dia 10)
Evento registrado: Produto=1, Qtd=1, Preço=10.00 (Dia 10)
Evento registrado: Produto=1, Qtd=1, Preço=10.00 (Dia 10)
Evento registrado: Produto=1, Qtd=1, Preço=10.00 (Dia 10)
Evento registrado: Produto=1, Qtd=1, Preço=10.00 (Dia 10)
Evento registrado: Produto=1, Qtd=1, Preço=10.00 (Dia 10)
Evento registrado: Produto=1, Qtd=1, Preço=10.00 (Dia 10)
Evento registrado: Produto=1, Qtd=1, Preço=10.00 (Dia 10)
Evento registrado: Produto=1, Qtd=1, Preço=10.00 (Dia 10)
Evento registrado: Produto=1, Qtd=1, Preço=10.00 (Dia 10)
Evento registrado: Produto=1, Qtd=1, Preço=10.00 (Dia 10)
Evento registrado: Produto=1, Qtd=1, Preço=10.00 (Dia 10)
Evento registrado: Produto=1, Qtd=1, Preço=10.00 (Dia 10)
Evento registrado: Produto=1, Qtd=1, Preço=10.00 (Dia 10)
Evento registrado: Produto=1, Qtd=1, Preço=10.00 (Dia 10)
Evento registrado: Produto=1, Qtd=1, Preço=10.00 (Dia 10)
Evento registrado: Produto=1, Qtd=1, Preço=10.00 (Dia 10)
Evento registrado: Produto=1, Qtd=1, Preço=10.00 (Dia 10)
Evento registrado: Produto=1, Qtd=1, Preço=10.00 (Dia 10)
Evento registrado: Produto=1, Qtd=1, Preço=10.00 (Dia 10)
Evento registrado: Produto=1, Qtd=1, Preço=10.00 (Dia 10)
Evento registrado: Produto=1, Qtd=1, Preço=10.00 (Dia 10)
Evento registrado: Produto=1, Qtd=1, Preço=10.00 (Dia 10)
Evento registrado: Produto=1, Qtd=1, Preço=10.00 (Dia 10)
Evento registrado: Produto=1, Qtd=1, Preço=10.00 (Dia 10)
Evento registrado: Produto=1, Qtd=1, Preço=10.00 (Dia 10)
Evento registrado: Produto=1, Qtd=1, Preço=10.00 (Dia 10)
Evento registrado: Produto=1, Qtd=1, Preço=10.00 (Dia 10)
Evento registrado: Produto=1, Qtd=1, Preço=10.00 (Dia 10)
Evento registrado: Produto=1, Qtd=1, Preço=10.00 (Dia 10)
Evento registrado: Produto=1, Qtd=1, Preço=10.00 (Dia 10)
Evento registrado: Produto=1, Qtd=1, Preço=10.00 (Dia 10)
Evento registrado: Produto=1, Qtd=1, Preço=10.00 (Dia 10)
Evento registrado: Produto=1, Qtd=1, Preço=10.00 (Dia 10)
Evento registrado: Produto=1, Qtd=1, Preço=10.00 (Dia 10)
Evento registrado: Produto=1, Qtd=1, Preço=10.00 (Dia 10)
Evento registrado: Produto=1, Qtd=1, Preço=10.00 (Dia 10)
Evento registrado: Produto=1, Qtd=1, Preço=10.00 (Dia 10)
Evento registrado: Produto=1, Qtd=1, Preço=10.00 (Dia 10)
Evento registrado: Produto=1, Qtd=1, Preço=10.00 (Dia 10)
Evento registrado: Produto=1, Qtd=1, Preço=10.00 (Dia 10)
Evento registrado: Produto=1, Qtd=1, Preço=10.00 (Dia 10)
Evento registrado: Produto=1, Qtd=1, Preço=10.00 (Dia 10)
Evento registrado: Produto=1, Qtd=1, Preço=10.00 (Dia 10)
Evento registrado: Produto=1, Qtd=1, Preço=10.00 (Dia 10)
Evento registrado: Produto=1, Qtd=1, Preço=10.00 (Dia 10)
Evento registrado: Produto=1, Qtd=1, Preço=10.00 (Dia 10)
Evento registrado: Produto=1, Qtd=1, Preço=10.00 (Dia 10)
Evento registrado: Produto=1, Qtd=1, Preço=10.00 (Dia 10)
Evento registrado: Produto=1, Qtd=1, Preço=10.00 (Dia 10)
Evento registrado: Produto=1, Qtd=1, Preço=10.00 (Dia 10)
Evento registrado: Produto=1, Qtd=1, Preço=10.00 (Dia 10)
Evento registrado: Produto=1, Qtd=1, Preço=10.00 (Dia 10)
Evento registrado: Produto=1, Qtd=1, Preço=10.00 (Dia 10)
Evento registrado: Produto=1, Qtd=1, Preço=10.00 (Dia 10)
Evento registrado: Produto=1, Qtd=1, Preço=10.00 (Dia 10)
Evento registrado: Produto=1, Qtd=1, Preço=10.00 (Dia 10)
Evento registrado: Produto=1, Qtd=1, Preço=10.00 (Dia 10)
Evento registrado: Produto=1, Qtd=1, Preço=10.00 (Dia 10)
Evento registrado: Produto=1, Qtd=1, Preço=10.00 (Dia 10)
Evento registrado: Produto=1, Qtd=1, Preço=10.00 (Dia 10)
Evento registrado: Produto=1, Qtd=1, Preço=10.00 (Dia 10)
Evento registrado: Produto=1, Qtd=1, Preço=10.00 (Dia 10)
Evento registrado: Produto=1, Qtd=1, Preço=10.00 (Dia 10)
Evento registrado: Produto=1, Qtd=1, Preço=10.00 (Dia 10)
Evento registrado: Produto=1, Qtd=1, Preço=10.00 (Dia 10)
Evento registrado: Produto=1, Qtd=1, Preço=10.00 (Dia 10)
Evento registrado: Produto=1, Qtd=1, Preço=10.00 (Dia 10)
Evento registrado: Produto=1, Qtd=1, Preço=10.00 (Dia 10)
Evento registrado: Produto=1, Qtd=1, Preço=10.00 (Dia 10)
Evento registrado: Produto=1, Qtd=1, Preço=10.00 (Dia 10)
Evento registrado: Produto=1, Qtd=1, Preço=10.00 (Dia 10)
Evento registrado: Produto=1, Qtd=1, Preço=10.00 (Dia 10)
Evento registrado: Produto=1, Qtd=1, Preço=10.00 (Dia 10)
Evento registrado: Produto=1, Qtd=1, Preço=10.00 (Dia 10)
Evento registrado: Produto=1, Qtd=1, Preço=10.00 (Dia 10)
Evento registrado: Produto=1, Qtd=1, Preço=10.00 (Dia 10)
Evento registrado: Produto=1, Qtd=1, Preço=10.00 (Dia 10)
Evento registrado: Produto=1, Qtd=1, Preço=10.00 (Dia 10)
Evento registrado: Produto=1, Qtd=1, Preço=10.00 (Dia 10)
Evento registrado: Produto=1, Qtd=1, Preço=10.00 (Dia 10)
Evento registrado: Produto=1, Qtd=1, Preço=10.00 (Dia 10)
Evento registrado: Produto=1, Qtd=1, Preço=10.00 (Dia 10)
Evento registrado: Produto=1, Qtd=1, Preço=10.00 (Dia 10)
Evento registrado: Produto=1, Qtd=1, Preço=10.00 (Dia 10)
Evento registrado: Produto=1, Qtd=1, Preço=10.00 (Dia 10)
Evento registrado: Produto=1, Qtd=1, Preço=10.00 (Dia 10)
Evento registrado: Produto=1, Qtd=1, Preço=10.00 (Dia 10)
Evento registrado: Produto=1, Qtd=1, Preço=10.00 (Dia 10)
Evento registrado: Produto=1, Qtd=1, Preço=10.00 (Dia 10)
Evento registrado: Produto=1, Qtd=1, Preço=10.00 (Dia 10)
Evento registrado: Produto=1, Qtd=1, Preço=10.00 (Dia 10)
Evento registrado: Produto=1, Qtd=1, Preço=10.00 (Dia 10)
Evento registrado: Produto=1, Qtd=1, Preço=10.00 (Dia 10)
Evento registrado: Produto=1, Qtd=1, Preço=10.00 (Dia 10)
Evento registrado: Produto=1, Qtd=1, Preço=10.00 (Dia 10)
Evento registrado: Produto=1, Qtd=1, Preço=10.00 (Dia 10)
Evento registrado: Produto=1, Qtd=1, Preço=10.00 (Dia 10)
Evento registrado: Produto=1, Qtd=1, Preço=10.00 (Dia 10)
Evento registrado: Produto=1, Qtd=1, Preço=10.00 (Dia 10)
Evento registrado: Produto=1, Qtd=1, Preço=10.00 (Dia 10)
Evento registrado: Produto=1, Qtd=1, Preço=10.00 (Dia 10)
Evento registrado: Produto=1, Qtd=1, Preço=10.00 (Dia 10)
Evento registrado: Produto=1, Qtd=1, Preço=10.00 (Dia 10)
Evento registrado: Produto=1, Qtd=1, Preço=10.00 (Dia 10)
Evento registrado: Produto=1, Qtd=1, Preço=10.00 (Dia 10)
Evento registrado: Produto=1, Qtd=1, Preço=10.00 (Dia 10)
Evento registrado: Produto=1, Qtd=1, Preço=10.00 (Dia 10)
Evento registrado: Produto=1, Qtd=1, Preço=10.00 (Dia 10)
Evento registrado: Produto=1, Qtd=1, Preço=10.00 (Dia 10)
Evento registrado: Produto=1, Qtd=1, Preço=10.00 (Dia 10)
Evento registrado: Produto=1, Qtd=1, Preço=10.00 (Dia 10)
Evento registrado: Produto=1, Qtd=1, Preço=10.00 (Dia 10)
Evento registrado: Produto=1, Qtd=1, Preço=10.00 (Dia 10)
Evento registrado: Produto=1, Qtd=1, Preço=10.00 (Dia 10)
Evento registrado: Produto=1, Qtd=1, Preço=10.00 (Dia 10)
Evento registrado: Produto=1, Qtd=1, Preço=10.00 (Dia 10)
Evento registrado: Produto=1, Qtd=1, Preço=10.00 (Dia 10)
Evento registrado: Produto=1, Qtd=1, Preço=10.00 (Dia 10)
Evento registrado: Produto=1, Qtd=1, Preço=10.00 (Dia 10)
Evento registrado: Produto=1, Qtd=1, Preço=10.00 (Dia 10)
Evento registrado: Produto=1, Qtd=1, Preço=10.00 (Dia 10)
Evento registrado: Produto=1, Qtd=1, Preço=10.00 (Dia 10)
Evento registrado: Produto=1, Qtd=1, Preço=10.00 (Dia 10)
Evento registrado: Produto=1, Qtd=1, Preço=10.00 (Dia 10)
Evento registrado: Produto=1, Qtd=1, Preço=10.00 (Dia 10)
Evento registrado: Produto=1, Qtd=1, Preço=10.00 (Dia 10)
Evento registrado: Produto=1, Qtd=1, Preço=10.00 (Dia 10)
Evento registrado: Produto=1, Qtd=1, Preço=10.00 (Dia 10)
Evento registrado: Produto=1, Qtd=1, Preço=10.00 (Dia 10)
Evento registrado: Produto=1, Qtd=1, Preço=10.00 (Dia 10)
Evento registrado: Produto=1, Qtd=1, Preço=10.00 (Dia 10)
Evento registrado: Produto=1, Qtd=1, Preço=10.00 (Dia 10)
Evento registrado: Produto=1, Qtd=1, Preço=10.00 (Dia 10)
Evento registrado: Produto=1, Qtd=1, Preço=10.00 (Dia 10)
Evento registrado: Produto=1, Qtd=1, Preço=10.00 (Dia 10)
Evento registrado: Produto=1, Qtd=1, Preço=10.00 (Dia 10)
Evento registrado: Produto=1, Qtd=1, Preço=10.00 (Dia 10)
Evento registrado: Produto=1, Qtd=1, Preço=10.00 (Dia 10)
Evento registrado: Produto=1, Qtd=1, Preço=10.00 (Dia 10)
Evento registrado: Produto=1, Qtd=1, Preço=10.00 (Dia 10)
Evento registrado: Produto=1, Qtd=1, Preço=10.00 (Dia 10)
Evento registrado: Produto=1, Qtd=1, Preço=10.00 (Dia 10)
Evento registrado: Produto=1, Qtd=1, Preço=10.00 (Dia 10)
Evento registrado: Produto=1, Qtd=1, Preço=10.00 (Dia 10)
Evento registrado: Produto=1, Qtd=1, Preço=10.00 (Dia 10)
Evento registrado: Produto=1, Qtd=1, Preço=10.00 (Dia 10)
Evento registrado: Produto=1, Qtd=1, Preço=10.00 (Dia 10)
Evento registrado: Produto=1, Qtd=1, Preço=10.00 (Dia 10)
Evento registrado: Produto=1, Qtd=1, Preço=10.00 (Dia 10)
Evento registrado: Produto=1, Qtd=1, Preço=10.00 (Dia 10)
Evento registrado: Produto=1, Qtd=1, Preço=10.00 (Dia 10)
Evento registrado: Produto=1, Qtd=1, Preço=10.00 (Dia 10)
Evento registrado: Produto=1, Qtd=1, Preço=10.00 (Dia 10)
Evento registrado: Produto=1, Qtd=1, Preço=10.00 (Dia 10)
Evento registrado: Produto=1, Qtd=1, Preço=10.00 (Dia 10)
Evento registrado: Produto=1, Qtd=1, Preço=10.00 (Dia 10)
Evento registrado: Produto=1, Qtd=1, Preço=10.00 (Dia 10)
Evento registrado: Produto=1, Qtd=1, Preço=10.00 (Dia 10)
Evento registrado: Produto=1, Qtd=1, Preço=10.00 (Dia 10)
Evento registrado: Produto=1, Qtd=1, Preço=10.00 (Dia 10)
Evento registrado: Produto=1, Qtd=1, Preço=10.00 (Dia 10)
Evento registrado: Produto=1, Qtd=1, Preço=10.00 (Dia 10)
Evento registrado: Produto=1, Qtd=1, Preço=10.00 (Dia 10)
Evento registrado: Produto=1, Qtd=1, Preço=10.00 (Dia 10)
Evento registrado: Produto=1, Qtd=1, Preço=10.00 (Dia 10)
Evento registrado: Produto=1, Qtd=1, Preço=10.00 (Dia 10)
Evento registrado: Produto=1, Qtd=1, Preço=10.00 (Dia 10)
Evento registrado: Produto=1, Qtd=1, Preço=10.00 (Dia 10)
Evento registrado: Produto=1, Qtd=1, Preço=10.00 (Dia 10)
Evento registrado: Produto=1, Qtd=1, Preço=10.00 (Dia 10)
Evento registrado: Produto=1, Qtd=1, Preço=10.00 (Dia 10)
Evento registrado: Produto=1, Qtd=1, Preço=10.00 (Dia 10)
Evento registrado: Produto=1, Qtd=1, Preço=10.00 (Dia 10)
Evento registrado: Produto=1, Qtd=1, Preço=10.00 (Dia 10)
Evento registrado: Produto=1, Qtd=1, Preço=10.00 (Dia 10)
Evento registrado: Produto=1, Qtd=1, Preço=10.00 (Dia 10)
Evento registrado: Produto=1, Qtd=1, Preço=10.00 (Dia 10)
Evento registrado: Produto=1, Qtd=1, Preço=10.00 (Dia 10)
Evento registrado: Produto=1, Qtd=1, Preço=10.00 (Dia 10)
Evento registrado: Produto=1, Qtd=1, Preço=10.00 (Dia 10)
Evento registrado: Produto=1, Qtd=1, Preço=10.00 (Dia 10)
Evento registrado: Produto=1, Qtd=1, Preço=10.00 (Dia 10)
Evento registrado: Produto=1, Qtd=1, Preço=10.00 (Dia 10)
Evento registrado: Produto=1, Qtd=1, Preço=10.00 (Dia 10)
Evento registrado: Produto=1, Qtd=1, Preço=10.00 (Dia 10)
Evento registrado: Produto=1, Qtd=1, Preço=10.00 (Dia 10)
Evento registrado: Produto=1, Qtd=1, Preço=10.00 (Dia 10)
Evento registrado: Produto=1, Qtd=1, Preço=10.00 (Dia 10)
Evento registrado: Produto=1, Qtd=1, Preço=10.00 (Dia 10)
Evento registrado: Produto=1, Qtd=1, Preço=10.00 (Dia 10)
Evento registrado: Produto=1, Qtd=1, Preço=10.00 (Dia 10)
Evento registrado: Produto=1, Qtd=1, Preço=10.00 (Dia 10)
Evento registrado: Produto=1, Qtd=1, Preço=10.00 (Dia 10)
Evento registrado: Produto=1, Qtd=1, Preço=10.00 (Dia 10)
Evento registrado: Produto=1, Qtd=1, Preço=10.00 (Dia 10)
Evento registrado: Produto=1, Qtd=1, Preço=10.00 (Dia 10)
Evento registrado: Produto=1, Qtd=1, Preço=10.00 (Dia 10)
Evento registrado: Produto=1, Qtd=1, Preço=10.00 (Dia 10)
Evento registrado: Produto=1, Qtd=1, Preço=10.00 (Dia 10)
Evento registrado: Produto=1, Qtd=1, Preço=10.00 (Dia 10)
Evento registrado: Produto=1, Qtd=1, Preço=10.00 (Dia 10)
Evento registrado: Produto=1, Qtd=1, Preço=10.00 (Dia 10)
Evento registrado: Produto=1, Qtd=1, Preço=10.00 (Dia 10)
Evento registrado: Produto=1, Qtd=1, Preço=10.00 (Dia 10)
Evento registrado: Produto=1, Qtd=1, Preço=10.00 (Dia 10)
Evento registrado: Produto=1, Qtd=1, Preço=10.00 (Dia 10)
Evento registrado: Produto=1, Qtd=1, Preço=10.00 (Dia 10)
Evento registrado: Produto=1, Qtd=1, Preço=10.00 (Dia 10)
Evento registrado: Produto=1, Qtd=1, Preço=10.00 (Dia 10)
Evento registrado: Produto=1, Qtd=1, Preço=10.00 (Dia 10)
Evento registrado: Produto=1, Qtd=1, Preço=10.00 (Dia 10)
Evento registrado: Produto=1, Qtd=1, Preço=10.00 (Dia 10)
Evento registrado: Produto=1, Qtd=1, Preço=10.00 (Dia 10)
Evento registrado: Produto=1, Qtd=1, Preço=10.00 (Dia 10)
Evento registrado: Produto=1, Qtd=1, Preço=10.00 (Dia 10)
Evento registrado: Produto=1, Qtd=1, Preço=10.00 (Dia 10)
Evento registrado: Produto=1, Qtd=1, Preço=10.00 (Dia 10)
Evento registrado: Produto=1, Qtd=1, Preço=10.00 (Dia 10)
Evento registrado: Produto=1, Qtd=1, Preço=10.00 (Dia 10)
Evento registrado: Produto=1, Qtd=1, Preço=10.00 (Dia 10)
Evento registrado: Produto=1, Qtd=1, Preço=10.00 (Dia 10)
Evento registrado: Produto=1, Qtd=1, Preço=10.00 (Dia 10)
Evento registrado: Produto=1, Qtd=1, Preço=10.00 (Dia 10)
Evento registrado: Produto=1, Qtd=1, Preço=10.00 (Dia 10)
Evento registrado: Produto=1, Qtd=1, Preço=10.00 (Dia 10)
Evento registrado: Produto=1, Qtd=1, Preço=10.00 (Dia 10)
Evento registrado: Produto=1, Qtd=1, Preço=10.00 (Dia 10)
Evento registrado: Produto=1, Qtd=1, Preço=10.00 (Dia 10)
Evento registrado: Produto=1, Qtd=1, Preço=10.00 (Dia 10)
Evento registrado: Produto=1, Qtd=1, Preço=10.00 (Dia 10)
Evento registrado: Produto=1, Qtd=1, Preço=10.00 (Dia 10)
Evento registrado: Produto=1, Qtd=1, Preço=10.00 (Dia 10)
Evento registrado: Produto=1, Qtd=1, Preço=10.00 (Dia 10)
Evento registrado: Produto=1, Qtd=1, Preço=10.00 (Dia 10)
Evento registrado: Produto=1, Qtd=1, Preço=10.00 (Dia 10)
Evento registrado: Produto=1, Qtd=1, Preço=10.00 (Dia 10)
Evento registrado: Produto=1, Qtd=1, Preço=10.00 (Dia 10)
Evento registrado: Produto=1, Qtd=1, Preço=10.00 (Dia 10)
Evento registrado: Produto=1, Qtd=1, Preço=10.00 (Dia 10)
Evento registrado: Produto=1, Qtd=1, Preço=10.00 (Dia 10)
Evento registrado: Produto=1, Qtd=1, Preço=10.00 (Dia 10)
Evento registrado: Produto=1, Qtd=1, Preço=10.00 (Dia 10)
Evento registrado: Produto=1, Qtd=1, Preço=10.00 (Dia 10)
Evento registrado: Produto=1, Qtd=1, Preço=10.00 (Dia 10)
Evento registrado: Produto=1, Qtd=1, Preço=10.00 (Dia 10)
Evento registrado: Produto=1, Qtd=1, Preço=10.00 (Dia 10)
Evento registrado: Produto=1, Qtd=1, Preço=10.00 (Dia 10)
Evento registrado: Produto=1, Qtd=1, Preço=10.00 (Dia 10)
Evento registrado: Produto=1, Qtd=1, Preço=10.00 (Dia 10)
Evento registrado: Produto=1, Qtd=1, Preço=10.00 (Dia 10)
Evento registrado: Produto=1, Qtd=1, Preço=10.00 (Dia 10)
Evento registrado: Produto=1, Qtd=1, Preço=10.00 (Dia 10)
Evento registrado: Produto=1, Qtd=1, Preço=10.00 (Dia 10)
Evento registrado: Produto=1, Qtd=1, Preço=10.00 (Dia 10)
Evento registrado: Produto=1, Qtd=1, Preço=10.00 (Dia 10)
Evento registrado: Produto=1, Qtd=1, Preço=10.00 (Dia 10)
Evento registrado: Produto=1, Qtd=1, Preço=10.00 (Dia 10)
Evento registrado: Produto=1, Qtd=1, Preço=10.00 (Dia 10)
Evento registrado: Produto=1, Qtd=1, Preço=10.00 (Dia 10)
Evento registrado: Produto=1, Qtd=1, Preço=10.00 (Dia 10)
Evento registrado: Produto=1, Qtd=1, Preço=10.00 (Dia 10)
Evento registrado: Produto=1, Qtd=1, Preço=10.00 (Dia 10)
Evento registrado: Produto=1, Qtd=1, Preço=10.00 (Dia 10)
Evento registrado: Produto=1, Qtd=1, Preço=10.00 (Dia 10)
Evento registrado: Produto=1, Qtd=1, Preço=10.00 (Dia 10)
Evento registrado: Produto=1, Qtd=1, Preço=10.00 (Dia 10)
Evento registrado: Produto=1, Qtd=1, Preço=10.00 (Dia 10)
Evento registrado: Produto=1, Qtd=1, Preço=10.00 (Dia 10)
Evento registrado: Produto=1, Qtd=1, Preço=10.00 (Dia 10)
Evento registrado: Produto=1, Qtd=1, Preço=10.00 (Dia 10)
Evento registrado: Produto=1, Qtd=1, Preço=10.00 (Dia 10)
Evento registrado: Produto=1, Qtd=1, Preço=10.00 (Dia 10)
Evento registrado: Produto=1, Qtd=1, Preço=10.00 (Dia 10)
Evento registrado: Produto=1, Qtd=1, Preço=10.00 (Dia 10)
Evento registrado: Produto=1, Qtd=1, Preço=10.00 (Dia 10)
Evento registrado: Produto=1, Qtd=1, Preço=10.00 (Dia 10)
Evento registrado: Produto=1, Qtd=1, Preço=10.00 (Dia 10)
Evento registrado: Produto=1, Qtd=1, Preço=10.00 (Dia 10)
Evento registrado: Produto=1, Qtd=1, Preço=10.00 (Dia 10)
Evento registrado: Produto=1, Qtd=1, Preço=10.00 (Dia 10)
Evento registrado: Produto=1, Qtd=1, Preço=10.00 (Dia 10)
Evento registrado: Produto=1, Qtd=1, Preço=10.00 (Dia 10)
Evento registrado: Produto=1, Qtd=1, Preço=10.00 (Dia 10)
Evento registrado: Produto=1, Qtd=1, Preço=10.00 (Dia 10)
Evento registrado: Produto=1, Qtd=1, Preço=10.00 (Dia 10)
Evento registrado: Produto=1, Qtd=1, Preço=10.00 (Dia 10)
Evento registrado: Produto=1, Qtd=1, Preço=10.00 (Dia 10)
Evento registrado: Produto=1, Qtd=1, Preço=10.00 (Dia 10)
Evento registrado: Produto=1, Qtd=1, Preço=10.00 (Dia 10)
Evento registrado: Produto=1, Qtd=1, Preço=10.00 (Dia 10)
Evento registrado: Produto=1, Qtd=1, Preço=10.00 (Dia 10)
Evento registrado: Produto=1, Qtd=1, Preço=10.00 (Dia 10)
Evento registrado: Produto=1, Qtd=1, Preço=10.00 (Dia 10)
Evento registrado: Produto=1, Qtd=1, Preço=10.00 (Dia 10)
Evento registrado: Produto=1, Qtd=1, Preço=10.00 (Dia 10)
Evento registrado: Produto=1, Qtd=1, Preço=10.00 (Dia 10)
[...]
Evento registrado: Produto=3, Qtd=1, Preço=10.00 (Dia 10)
Evento registrado: Produto=5, Qtd=1, Preço=10.00 (Dia 10)
Evento registrado: Produto=2, Qtd=1, Preço=10.00 (Dia 10)
Evento registrado: Produto=4, Qtd=1, Preço=10.00 (Dia 10)
Evento registrado: Produto=4, Qtd=1, Preço=10.00 (Dia 10)
Evento registrado: Produto=4, Qtd=1, Preço=10.00 (Dia 10)
Evento registrado: Produto=1, Qtd=1, Preço=10.00 (Dia 10)
Evento registrado: Produto=2, Qtd=1, Preço=10.00 (Dia 10)
Evento registrado: Produto=3, Qtd=1, Preço=10.00 (Dia 10)
Evento registrado: Produto=1, Qtd=1, Preço=10.00 (Dia 10)
Evento registrado: Produto=2, Qtd=1, Preço=10.00 (Dia 10)
Evento registrado: Produto=1, Qtd=1, Preço=10.00 (Dia 10)
Evento registrado: Produto=2, Qtd=1, Preço=10.00 (Dia 10)
Evento registrado: Produto=3, Qtd=1, Preço=10.00 (Dia 10)
Evento registrado: Produto=4, Qtd=1, Preço=10.00 (Dia 10)
Evento registrado: Produto=5, Qtd=1, Preço=10.00 (Dia 10)
Evento registrado: Produto=3, Qtd=1, Preço=10.00 (Dia 10)
Evento registrado: Produto=4, Qtd=1, Preço=10.00 (Dia 10)
Evento registrado: Produto=5, Qtd=1, Preço=10.00 (Dia 10)
Evento registrado: Produto=2, Qtd=1, Preço=10.00 (Dia 10)
Evento registrado: Produto=5, Qtd=1, Preço=10.00 (Dia 10)
Evento registrado: Produto=4, Qtd=1, Preço=10.00 (Dia 10)
Evento registrado: Produto=3, Qtd=1, Preço=10.00 (Dia 10)
Evento registrado: Produto=4, Qtd=1, Preço=10.00 (Dia 10)
Evento registrado: Produto=2, Qtd=1, Preço=10.00 (Dia 10)
Evento registrado: Produto=1, Qtd=1, Preço=10.00 (Dia 10)
Evento registrado: Produto=1, Qtd=1, Preço=10.00 (Dia 10)
Evento registrado: Produto=5, Qtd=1, Preço=10.00 (Dia 10)
Evento registrado: Produto=3, Qtd=1, Preço=10.00 (Dia 10)
Evento registrado: Produto=3, Qtd=1, Preço=10.00 (Dia 10)
Evento registrado: Produto=1, Qtd=1, Preço=10.00 (Dia 10)
Evento registrado: Produto=2, Qtd=1, Preço=10.00 (Dia 10)
Evento registrado: Produto=4, Qtd=1, Preço=10.00 (Dia 10)
Evento registrado: Produto=1, Qtd=1, Preço=10.00 (Dia 10)
Evento registrado: Produto=4, Qtd=1, Preço=10.00 (Dia 10)
Evento registrado: Produto=2, Qtd=1, Preço=10.00 (Dia 10)
Evento registrado: Produto=2, Qtd=1, Preço=10.00 (Dia 10)
Evento registrado: Produto=5, Qtd=1, Preço=10.00 (Dia 10)
Evento registrado: Produto=5, Qtd=1, Preço=10.00 (Dia 10)
Evento registrado: Produto=4, Qtd=1, Preço=10.00 (Dia 10)
Evento registrado: Produto=5, Qtd=1, Preço=10.00 (Dia 10)
Evento registrado: Produto=1, Qtd=1, Preço=10.00 (Dia 10)
Evento registrado: Produto=1, Qtd=1, Preço=10.00 (Dia 10)
Evento registrado: Produto=3, Qtd=1, Preço=10.00 (Dia 10)
Evento registrado: Produto=5, Qtd=1, Preço=10.00 (Dia 10)
Evento registrado: Produto=4, Qtd=1, Preço=10.00 (Dia 10)
Evento registrado: Produto=2, Qtd=1, Preço=10.00 (Dia 10)
Evento registrado: Produto=3, Qtd=1, Preço=10.00 (Dia 10)
Evento registrado: Produto=3, Qtd=1, Preço=10.00 (Dia 10)
Evento registrado: Produto=3, Qtd=1, Preço=10.00 (Dia 10)
Evento registrado: Produto=5, Qtd=1, Preço=10.00 (Dia 10)
Evento registrado: Produto=2, Qtd=1, Preço=10.00 (Dia 10)
Evento registrado: Produto=4, Qtd=1, Preço=10.00 (Dia 10)
Evento registrado: Produto=2, Qtd=1, Preço=10.00 (Dia 10)
Evento registrado: Produto=4, Qtd=1, Preço=10.00 (Dia 10)
Evento registrado: Produto=5, Qtd=1, Preço=10.00 (Dia 10)
Evento registrado: Produto=1, Qtd=1, Preço=10.00 (Dia 10)
Evento registrado: Produto=1, Qtd=1, Preço=10.00 (Dia 10)
Evento registrado: Produto=2, Qtd=1, Preço=10.00 (Dia 10)
Evento registrado: Produto=2, Qtd=1, Preço=10.00 (Dia 10)
Evento registrado: Produto=3, Qtd=1, Preço=10.00 (Dia 10)
Evento registrado: Produto=5, Qtd=1, Preço=10.00 (Dia 10)
Evento registrado: Produto=5, Qtd=1, Preço=10.00 (Dia 10)
Evento registrado: Produto=4, Qtd=1, Preço=10.00 (Dia 10)
Evento registrado: Produto=3, Qtd=1, Preço=10.00 (Dia 10)
Evento registrado: Produto=4, Qtd=1, Preço=10.00 (Dia 10)
Evento registrado: Produto=3, Qtd=1, Preço=10.00 (Dia 10)
Evento registrado: Produto=1, Qtd=1, Preço=10.00 (Dia 10)
Evento registrado: Produto=1, Qtd=1, Preço=10.00 (Dia 10)
Evento registrado: Produto=5, Qtd=1, Preço=10.00 (Dia 10)
Evento registrado: Produto=4, Qtd=1, Preço=10.00 (Dia 10)
Evento registrado: Produto=2, Qtd=1, Preço=10.00 (Dia 10)
Evento registrado: Produto=4, Qtd=1, Preço=10.00 (Dia 10)
Evento registrado: Produto=1, Qtd=1, Preço=10.00 (Dia 10)
Evento registrado: Produto=2, Qtd=1, Preço=10.00 (Dia 10)
Evento registrado: Produto=1, Qtd=1, Preço=10.00 (Dia 10)
Evento registrado: Produto=2, Qtd=1, Preço=10.00 (Dia 10)
Evento registrado: Produto=4, Qtd=1, Preço=10.00 (Dia 10)
Evento registrado: Produto=4, Qtd=1, Preço=10.00 (Dia 10)
Evento registrado: Produto=5, Qtd=1, Preço=10.00 (Dia 10)
Evento registrado: Produto=5, Qtd=1, Preço=10.00 (Dia 10)
Evento registrado: Produto=3, Qtd=1, Preço=10.00 (Dia 10)
Evento registrado: Produto=3, Qtd=1, Preço=10.00 (Dia 10)
Evento registrado: Produto=3, Qtd=1, Preço=10.00 (Dia 10)
Evento registrado: Produto=2, Qtd=1, Preço=10.00 (Dia 10)
Evento registrado: Produto=3, Qtd=1, Preço=10.00 (Dia 10)
Evento registrado: Produto=1, Qtd=1, Preço=10.00 (Dia 10)
Evento registrado: Produto=1, Qtd=1, Preço=10.00 (Dia 10)
Evento registrado: Produto=5, Qtd=1, Preço=10.00 (Dia 10)
Evento registrado: Produto=2, Qtd=1, Preço=10.00 (Dia 10)
Evento registrado: Produto=4, Qtd=1, Preço=10.00 (Dia 10)
Evento registrado: Produto=4, Qtd=1, Preço=10.00 (Dia 10)
Evento registrado: Produto=4, Qtd=1, Preço=10.00 (Dia 10)
Evento registrado: Produto=4, Qtd=1, Preço=10.00 (Dia 10)
Evento registrado: Produto=3, Qtd=1, Preço=10.00 (Dia 10)
Evento registrado: Produto=2, Qtd=1, Preço=10.00 (Dia 10)
Evento registrado: Produto=3, Qtd=1, Preço=10.00 (Dia 10)
Evento registrado: Produto=1, Qtd=1, Preço=10.00 (Dia 10)
Evento registrado: Produto=5, Qtd=1, Preço=10.00 (Dia 10)
Evento registrado: Produto=2, Qtd=1, Preço=10.00 (Dia 10)
Evento registrado: Produto=1, Qtd=1, Preço=10.00 (Dia 10)
Evento registrado: Produto=5, Qtd=1, Preço=10.00 (Dia 10)
Evento registrado: Produto=3, Qtd=1, Preço=10.00 (Dia 10)
Evento registrado: Produto=1, Qtd=1, Preço=10.00 (Dia 10)
Evento registrado: Produto=3, Qtd=1, Preço=10.00 (Dia 10)
Evento registrado: Produto=2, Qtd=1, Preço=10.00 (Dia 10)
Evento registrado: Produto=5, Qtd=1, Preço=10.00 (Dia 10)
Evento registrado: Produto=1, Qtd=1, Preço=10.00 (Dia 10)
Evento registrado: Produto=5, Qtd=1, Preço=10.00 (Dia 10)
Evento registrado: Produto=2, Qtd=1, Preço=10.00 (Dia 10)
Evento registrado: Produto=4, Qtd=1, Preço=10.00 (Dia 10)
Evento registrado: Produto=3, Qtd=1, Preço=10.00 (Dia 10)
Evento registrado: Produto=4, Qtd=1, Preço=10.00 (Dia 10)
Evento registrado: Produto=4, Qtd=1, Preço=10.00 (Dia 10)
Evento registrado: Produto=3, Qtd=1, Preço=10.00 (Dia 10)
Evento registrado: Produto=1, Qtd=1, Preço=10.00 (Dia 10)
Evento registrado: Produto=2, Qtd=1, Preço=10.00 (Dia 10)
Evento registrado: Produto=4, Qtd=1, Preço=10.00 (Dia 10)
Evento registrado: Produto=3, Qtd=1, Preço=10.00 (Dia 10)
Evento registrado: Produto=5, Qtd=1, Preço=10.00 (Dia 10)
Evento registrado: Produto=5, Qtd=1, Preço=10.00 (Dia 10)
Evento registrado: Produto=2, Qtd=1, Preço=10.00 (Dia 10)
Evento registrado: Produto=1, Qtd=1, Preço=10.00 (Dia 10)
Evento registrado: Produto=1, Qtd=1, Preço=10.00 (Dia 10)
Evento registrado: Produto=5, Qtd=1, Preço=10.00 (Dia 10)
Evento registrado: Produto=1, Qtd=1, Preço=10.00 (Dia 10)
Evento registrado: Produto=3, Qtd=1, Preço=10.00 (Dia 10)
Evento registrado: Produto=2, Qtd=1, Preço=10.00 (Dia 10)
Evento registrado: Produto=5, Qtd=1, Preço=10.00 (Dia 10)
Evento registrado: Produto=4, Qtd=1, Preço=10.00 (Dia 10)
Evento registrado: Produto=1, Qtd=1, Preço=10.00 (Dia 10)
Evento registrado: Produto=2, Qtd=1, Preço=10.00 (Dia 10)
Evento registrado: Produto=1, Qtd=1, Preço=10.00 (Dia 10)
Evento registrado: Produto=4, Qtd=1, Preço=10.00 (Dia 10)
Evento registrado: Produto=3, Qtd=1, Preço=10.00 (Dia 10)
Evento registrado: Produto=1, Qtd=1, Preço=10.00 (Dia 10)
Evento registrado: Produto=5, Qtd=1, Preço=10.00 (Dia 10)
Evento registrado: Produto=2, Qtd=1, Preço=10.00 (Dia 10)
Evento registrado: Produto=3, Qtd=1, Preço=10.00 (Dia 10)
Evento registrado: Produto=3, Qtd=1, Preço=10.00 (Dia 10)
Evento registrado: Produto=2, Qtd=1, Preço=10.00 (Dia 10)
Evento registrado: Produto=5, Qtd=1, Preço=10.00 (Dia 10)
Evento registrado: Produto=4, Qtd=1, Preço=10.00 (Dia 10)
Evento registrado: Produto=4, Qtd=1, Preço=10.00 (Dia 10)
Evento registrado: Produto=3, Qtd=1, Preço=10.00 (Dia 10)
Evento registrado: Produto=5, Qtd=1, Preço=10.00 (Dia 10)
Evento registrado: Produto=5, Qtd=1, Preço=10.00 (Dia 10)
Evento registrado: Produto=2, Qtd=1, Preço=10.00 (Dia 10)
Evento registrado: Produto=1, Qtd=1, Preço=10.00 (Dia 10)
Evento registrado: Produto=4, Qtd=1, Preço=10.00 (Dia 10)
Evento registrado: Produto=5, Qtd=1, Preço=10.00 (Dia 10)
Evento registrado: Produto=2, Qtd=1, Preço=10.00 (Dia 10)
Evento registrado: Produto=3, Qtd=1, Preço=10.00 (Dia 10)
Evento registrado: Produto=3, Qtd=1, Preço=10.00 (Dia 10)
Evento registrado: Produto=1, Qtd=1, Preço=10.00 (Dia 10)
Evento registrado: Produto=2, Qtd=1, Preço=10.00 (Dia 10)
Evento registrado: Produto=4, Qtd=1, Preço=10.00 (Dia 10)
Evento registrado: Produto=2, Qtd=1, Preço=10.00 (Dia 10)
Evento registrado: Produto=3, Qtd=1, Preço=10.00 (Dia 10)
Evento registrado: Produto=5, Qtd=1, Preço=10.00 (Dia 10)
Evento registrado: Produto=4, Qtd=1, Preço=10.00 (Dia 10)
Evento registrado: Produto=1, Qtd=1, Preço=10.00 (Dia 10)
Evento registrado: Produto=3, Qtd=1, Preço=10.00 (Dia 10)
Evento registrado: Produto=2, Qtd=1, Preço=10.00 (Dia 10)
Evento registrado: Produto=5, Qtd=1, Preço=10.00 (Dia 10)
Evento registrado: Produto=1, Qtd=1, Preço=10.00 (Dia 10)
Evento registrado: Produto=5, Qtd=1, Preço=10.00 (Dia 10)
Evento registrado: Produto=4, Qtd=1, Preço=10.00 (Dia 10)
Evento registrado: Produto=1, Qtd=1, Preço=10.00 (Dia 10)
Evento registrado: Produto=3, Qtd=1, Preço=10.00 (Dia 10)
Evento registrado: Produto=4, Qtd=1, Preço=10.00 (Dia 10)
Evento registrado: Produto=5, Qtd=1, Preço=10.00 (Dia 10)
Evento registrado: Produto=5, Qtd=1, Preço=10.00 (Dia 10)
Evento registrado: Produto=2, Qtd=1, Preço=10.00 (Dia 10)
Evento registrado: Produto=4, Qtd=1, Preço=10.00 (Dia 10)
Evento registrado: Produto=2, Qtd=1, Preço=10.00 (Dia 10)
Evento registrado: Produto=2, Qtd=1, Preço=10.00 (Dia 10)
Evento registrado: Produto=5, Qtd=1, Preço=10.00 (Dia 10)
Evento registrado: Produto=3, Qtd=1, Preço=10.00 (Dia 10)
Evento registrado: Produto=2, Qtd=1, Preço=10.00 (Dia 10)
Evento registrado: Produto=3, Qtd=1, Preço=10.00 (Dia 10)
Evento registrado: Produto=1, Qtd=1, Preço=10.00 (Dia 10)
Evento registrado: Produto=3, Qtd=1, Preço=10.00 (Dia 10)
Evento registrado: Produto=4, Qtd=1, Preço=10.00 (Dia 10)
Evento registrado: Produto=4, Qtd=1, Preço=10.00 (Dia 10)
Evento registrado: Produto=1, Qtd=1, Preço=10.00 (Dia 10)
Evento registrado: Produto=5, Qtd=1, Preço=10.00 (Dia 10)
Evento registrado: Produto=1, Qtd=1, Preço=10.00 (Dia 10)
Evento registrado: Produto=1, Qtd=1, Preço=10.00 (Dia 10)
Evento registrado: Produto=2, Qtd=1, Preço=10.00 (Dia 10)
Evento registrado: Produto=2, Qtd=1, Preço=10.00 (Dia 10)
Evento registrado: Produto=5, Qtd=1, Preço=10.00 (Dia 10)
Evento registrado: Produto=3, Qtd=1, Preço=10.00 (Dia 10)
Evento registrado: Produto=5, Qtd=1, Preço=10.00 (Dia 10)
Evento registrado: Produto=4, Qtd=1, Preço=10.00 (Dia 10)
Evento registrado: Produto=5, Qtd=1, Preço=10.00 (Dia 10)
Evento registrado: Produto=3, Qtd=1, Preço=10.00 (Dia 10)
Evento registrado: Produto=2, Qtd=1, Preço=10.00 (Dia 10)
Evento registrado: Produto=1, Qtd=1, Preço=10.00 (Dia 10)
Evento registrado: Produto=3, Qtd=1, Preço=10.00 (Dia 10)
Evento registrado: Produto=3, Qtd=1, Preço=10.00 (Dia 10)
Evento registrado: Produto=4, Qtd=1, Preço=10.00 (Dia 10)
Evento registrado: Produto=1, Qtd=1, Preço=10.00 (Dia 10)
Evento registrado: Produto=4, Qtd=1, Preço=10.00 (Dia 10)
Evento registrado: Produto=1, Qtd=1, Preço=10.00 (Dia 10)
Evento registrado: Produto=4, Qtd=1, Preço=10.00 (Dia 10)
Evento registrado: Produto=1, Qtd=1, Preço=10.00 (Dia 10)
Evento registrado: Produto=5, Qtd=1, Preço=10.00 (Dia 10)
Evento registrado: Produto=2, Qtd=1, Preço=10.00 (Dia 10)
Evento registrado: Produto=2, Qtd=1, Preço=10.00 (Dia 10)
Evento registrado: Produto=2, Qtd=1, Preço=10.00 (Dia 10)
Evento registrado: Produto=3, Qtd=1, Preço=10.00 (Dia 10)
Evento registrado: Produto=3, Qtd=1, Preço=10.00 (Dia 10)
Evento registrado: Produto=3, Qtd=1, Preço=10.00 (Dia 10)
Evento registrado: Produto=3, Qtd=1, Preço=10.00 (Dia 10)
Evento registrado: Produto=1, Qtd=1, Preço=10.00 (Dia 10)
Evento registrado: Produto=4, Qtd=1, Preço=10.00 (Dia 10)
Evento registrado: Produto=5, Qtd=1, Preço=10.00 (Dia 10)
Evento registrado: Produto=1, Qtd=1, Preço=10.00 (Dia 10)
Evento registrado: Produto=5, Qtd=1, Preço=10.00 (Dia 10)
Evento registrado: Produto=4, Qtd=1, Preço=10.00 (Dia 10)
Evento registrado: Produto=4, Qtd=1, Preço=10.00 (Dia 10)
Evento registrado: Produto=4, Qtd=1, Preço=10.00 (Dia 10)
Evento registrado: Produto=5, Qtd=1, Preço=10.00 (Dia 10)
Evento registrado: Produto=5, Qtd=1, Preço=10.00 (Dia 10)
Evento registrado: Produto=1, Qtd=1, Preço=10.00 (Dia 10)
Evento registrado: Produto=2, Qtd=1, Preço=10.00 (Dia 10)
Evento registrado: Produto=2, Qtd=1, Preço=10.00 (Dia 10)
Evento registrado: Produto=1, Qtd=1, Preço=10.00 (Dia 10)
Evento registrado: Produto=3, Qtd=1, Preço=10.00 (Dia 10)
Evento registrado: Produto=2, Qtd=1, Preço=10.00 (Dia 10)
Evento registrado: Produto=1, Qtd=1, Preço=10.00 (Dia 10)
Evento registrado: Produto=3, Qtd=1, Preço=10.00 (Dia 10)
Evento registrado: Produto=5, Qtd=1, Preço=10.00 (Dia 10)
Evento registrado: Produto=2, Qtd=1, Preço=10.00 (Dia 10)
Evento registrado: Produto=3, Qtd=1, Preço=10.00 (Dia 10)
Evento registrado: Produto=4, Qtd=1, Preço=10.00 (Dia 10)
Evento registrado: Produto=4, Qtd=1, Preço=10.00 (Dia 10)
Evento registrado: Produto=3, Qtd=1, Preço=10.00 (Dia 10)
Evento registrado: Produto=5, Qtd=1, Preço=10.00 (Dia 10)
Evento registrado: Produto=2, Qtd=1, Preço=10.00 (Dia 10)
Evento registrado: Produto=1, Qtd=1, Preço=10.00 (Dia 10)
Evento registrado: Produto=4, Qtd=1, Preço=10.00 (Dia 10)
Evento registrado: Produto=1, Qtd=1, Preço=10.00 (Dia 10)
Evento registrado: Produto=2, Qtd=1, Preço=10.00 (Dia 10)
Evento registrado: Produto=5, Qtd=1, Preço=10.00 (Dia 10)
Evento registrado: Produto=5, Qtd=1, Preço=10.00 (Dia 10)
Evento registrado: Produto=4, Qtd=1, Preço=10.00 (Dia 10)
Evento registrado: Produto=1, Qtd=1, Preço=10.00 (Dia 10)
Evento registrado: Produto=5, Qtd=1, Preço=10.00 (Dia 10)
Evento registrado: Produto=3, Qtd=1, Preço=10.00 (Dia 10)
Evento registrado: Produto=3, Qtd=1, Preço=10.00 (Dia 10)
Evento registrado: Produto=2, Qtd=1, Preço=10.00 (Dia 10)
Evento registrado: Produto=4, Qtd=1, Preço=10.00 (Dia 10)
Evento registrado: Produto=1, Qtd=1, Preço=10.00 (Dia 10)
Evento registrado: Produto=5, Qtd=1, Preço=10.00 (Dia 10)
Evento registrado: Produto=1, Qtd=1, Preço=10.00 (Dia 10)
Evento registrado: Produto=3, Qtd=1, Preço=10.00 (Dia 10)
Evento registrado: Produto=5, Qtd=1, Preço=10.00 (Dia 10)
Evento registrado: Produto=4, Qtd=1, Preço=10.00 (Dia 10)
Evento registrado: Produto=4, Qtd=1, Preço=10.00 (Dia 10)
Evento registrado: Produto=3, Qtd=1, Preço=10.00 (Dia 10)
Evento registrado: Produto=4, Qtd=1, Preço=10.00 (Dia 10)
Evento registrado: Produto=2, Qtd=1, Preço=10.00 (Dia 10)
Evento registrado: Produto=1, Qtd=1, Preço=10.00 (Dia 10)
Evento registrado: Produto=5, Qtd=1, Preço=10.00 (Dia 10)
Evento registrado: Produto=1, Qtd=1, Preço=10.00 (Dia 10)
Evento registrado: Produto=2, Qtd=1, Preço=10.00 (Dia 10)
Evento registrado: Produto=2, Qtd=1, Preço=10.00 (Dia 10)
Evento registrado: Produto=1, Qtd=1, Preço=10.00 (Dia 10)
Evento registrado: Produto=5, Qtd=1, Preço=10.00 (Dia 10)
Evento registrado: Produto=3, Qtd=1, Preço=10.00 (Dia 10)
Evento registrado: Produto=5, Qtd=1, Preço=10.00 (Dia 10)
Evento registrado: Produto=1, Qtd=1, Preço=10.00 (Dia 10)
Evento registrado: Produto=3, Qtd=1, Preço=10.00 (Dia 10)
Evento registrado: Produto=1, Qtd=1, Preço=10.00 (Dia 10)
Evento registrado: Produto=4, Qtd=1, Preço=10.00 (Dia 10)
Evento registrado: Produto=5, Qtd=1, Preço=10.00 (Dia 10)
Evento registrado: Produto=4, Qtd=1, Preço=10.00 (Dia 10)
Evento registrado: Produto=3, Qtd=1, Preço=10.00 (Dia 10)
Evento registrado: Produto=5, Qtd=1, Preço=10.00 (Dia 10)
Evento registrado: Produto=2, Qtd=1, Preço=10.00 (Dia 10)
Evento registrado: Produto=4, Qtd=1, Preço=10.00 (Dia 10)
Evento registrado: Produto=1, Qtd=1, Preço=10.00 (Dia 10)
Evento registrado: Produto=2, Qtd=1, Preço=10.00 (Dia 10)
Evento registrado: Produto=3, Qtd=1, Preço=10.00 (Dia 10)
Evento registrado: Produto=2, Qtd=1, Preço=10.00 (Dia 10)
Evento registrado: Produto=4, Qtd=1, Preço=10.00 (Dia 10)
Evento registrado: Produto=2, Qtd=1, Preço=10.00 (Dia 10)
ConnectionPool fechado
ConnectionPool fechado
ConnectionPool fechado
Desconectado do servidor
ConnectionPool fechado
Desconectado do servidor
ConnectionPool fechado
ConnectionPool fechado
ConnectionPool fechado
ConnectionPool fechado
Desconectado do servidor
Desconectado do servidor
ConnectionPool fechado
ConnectionPool fechado
Desconectado do servidor
ConnectionPool fechado
ConnectionPool fechado
Desconectado do servidor
ConnectionPool fechado
ConnectionPool fechado
Desconectado do servidor
ConnectionPool fechado
ConnectionPool fechado
ConnectionPool fechado
Desconectado do servidor
ConnectionPool fechado
ConnectionPool fechado
Desconectado do servidor
ConnectionPool fechado
ConnectionPool fechado
Desconectado do servidor
ConnectionPool fechado
ConnectionPool fechado
Desconectado do servidor
ConnectionPool fechado
ConnectionPool fechado
Desconectado do servidor
Cliente desconectado: /127.0.0.1
Cliente desconectado: /127.0.0.1
ConnectionPool fechado
ConnectionPool fechado
Desconectado do servidor
[Server] Cliente removido: /127.0.0.1 (Restantes: 19)
Cliente desconectado: /127.0.0.1
ConnectionPool fechado
ConnectionPool fechado
Desconectado do servidor
Cliente desconectado: /127.0.0.1
Cliente desconectado: /127.0.0.1
[Server] Cliente removido: /127.0.0.1 (Restantes: 18)
ConnectionPool fechado
ConnectionPool fechado
Desconectado do servidor
Cliente desconectado: /127.0.0.1
[Server] Cliente removido: /127.0.0.1 (Restantes: 17)
Cliente desconectado: /127.0.0.1
Cliente desconectado: /127.0.0.1
[Server] Cliente removido: /127.0.0.1 (Restantes: 16)
ConnectionPool fechado
ConnectionPool fechado
ConnectionPool fechado
Desconectado do servidor
Cliente desconectado: /127.0.0.1
ConnectionPool fechado
Desconectado do servidor
Cliente desconectado: /127.0.0.1
[Server] Cliente removido: /127.0.0.1 (Restantes: 15)
Cliente desconectado: /127.0.0.1
[Server] Cliente removido: /127.0.0.1 (Restantes: 14)
Cliente desconectado: /127.0.0.1
[Server] Cliente removido: /127.0.0.1 (Restantes: 13)
ConnectionPool fechado
ConnectionPool fechado
Desconectado do servidor
Cliente desconectado: /127.0.0.1
Cliente desconectado: /127.0.0.1
Cliente desconectado: /127.0.0.1
[Server] Cliente removido: /127.0.0.1 (Restantes: 12)
ConnectionPool fechado
ConnectionPool fechado
Desconectado do servidor
[Server] Cliente removido: /127.0.0.1 (Restantes: 11)
Cliente desconectado: /127.0.0.1
[Server] Cliente removido: /127.0.0.1 (Restantes: 10)
ConnectionPool fechado
Desconectado do servidor
Cliente desconectado: /127.0.0.1
[Server] Cliente removido: /127.0.0.1 (Restantes: 9)
[Server] Cliente removido: /127.0.0.1 (Restantes: 8)
Cliente desconectado: /127.0.0.1
[Server] Cliente removido: /127.0.0.1 (Restantes: 7)
Cliente desconectado: /127.0.0.1
Cliente desconectado: /127.0.0.1
[Server] Cliente removido: /127.0.0.1 (Restantes: 6)
[Server] Cliente removido: /127.0.0.1 (Restantes: 5)
[Server] Cliente removido: /127.0.0.1 (Restantes: 4)
[Server] Cliente removido: /127.0.0.1 (Restantes: 3)
[Server] Cliente removido: /127.0.0.1 (Restantes: 2)
[Server] Cliente removido: /127.0.0.1 (Restantes: 1)
[Server] Cliente removido: /127.0.0.1 (Restantes: 0)
[Sustentado] Taxa sucesso: 100.0%
]]></system-out>
  </testcase>
</testsuite>