<?xml version="1.0" encoding="UTF-8"?>
<testsuite xmlns:xsi="http://www.w3.org/2001/XMLSchema-instance" xsi:noNamespaceSchemaLocation="https://maven.apache.org/surefire/maven-surefire-plugin/xsd/surefire-test-report-3.0.xsd" version="3.0" name="testes.IntegrationTest" time="3.911" tests="6" errors="0" skipped="0" failures="0">
  <properties>
[...]
</properties>
  <testcase name="testeAutenticacaoBasica" classname="testes.IntegrationTest" time="0.049">
    <system-out><![CDATA[ServicoEventos iniciado no dia: 8 (Janela D=30)
RequestDispatcher criado com D=30 e S=5
==================================================
  SERVIÇO DE GESTÃO DE VENDAS
==================================================
Porta: 5555
Dias (D): 30
Séries (S): 5

Thread Pools:
  - Client Handlers: 20 threads
  - Request Workers: 50 threads
==================================================
Aguardando conexões...

DeadlockMonitor iniciado (intervalo: 30s)
ClienteMiddleware configurado com conexão dedicada
[Server] Cliente conectado: /127.0.0.1 (Total: 1)
Conectado ao servidor localhost:5555 (dedicado)
Cliente conectado: /127.0.0.1
Novo utilizador registado: testuser11767984701367
Utilizador autenticado: testuser11767984701367
Desconectado do servidor
Cliente desconectado: /127.0.0.1
[Server] Cliente removido: /127.0.0.1 (Restantes: 0)
]]></system-out>
  </testcase>
  <testcase name="testeRegistroEventos" classname="testes.IntegrationTest" time="0.266">
    <system-out><![CDATA[ClienteMiddleware configurado com conexão dedicada
[Server] Cliente conectado: /127.0.0.1 (Total: 1)
Conectado ao servidor localhost:5555 (dedicado)
Cliente conectado: /127.0.0.1
Novo utilizador registado: testuser21767984701416
Utilizador autenticado: testuser21767984701416
Evento registrado: Produto=1, Qtd=10, Preço=50.00 (Dia 8)
Evento registrado: Produto=1, Qtd=10, Preço=50.00 (Dia 8)
Evento registrado: Produto=1, Qtd=10, Preço=50.00 (Dia 8)
Evento registrado: Produto=1, Qtd=10, Preço=50.00 (Dia 8)
Evento registrado: Produto=1, Qtd=10, Preço=50.00 (Dia 8)
Desconectado do servidor
Cliente desconectado: /127.0.0.1
[Server] Cliente removido: /127.0.0.1 (Restantes: 0)
]]></system-out>
  </testcase>
  <testcase name="testeAgregacoes" classname="testes.IntegrationTest" time="0.281">
    <system-out><![CDATA[ClienteMiddleware configurado com conexão dedicada
[Server] Cliente conectado: /127.0.0.1 (Total: 1)
Conectado ao servidor localhost:5555 (dedicado)
Cliente conectado: /127.0.0.1
Novo utilizador registado: testuser31767984701684
Utilizador autenticado: testuser31767984701684
Evento registrado: Produto=2, Qtd=5, Preço=100.00 (Dia 8)
Evento registrado: Produto=2, Qtd=5, Preço=100.00 (Dia 8)
Evento registrado: Produto=2, Qtd=5, Preço=100.00 (Dia 8)
Dia 8 salvo: 2 produtos
Eventos do dia 8 persistidos
========================================
Novo dia iniciado: 9
========================================
Dia 8 carregado: 2 produtos
Carregada série dia 8 para memória (1/5)
Desconectado do servidor
Cliente desconectado: /127.0.0.1
[Server] Cliente removido: /127.0.0.1 (Restantes: 0)
]]></system-out>
  </testcase>
  <testcase name="testeClientesConcorrentes" classname="testes.IntegrationTest" time="0.193">
    <system-out><![CDATA[ClienteMiddleware configurado com conexão dedicada
ClienteMiddleware configurado com conexão dedicada
ClienteMiddleware configurado com conexão dedicada
[Server] Cliente conectado: /127.0.0.1 (Total: 1)
ClienteMiddleware configurado com conexão dedicada
ClienteMiddleware configurado com conexão dedicada
Conectado ao servidor localhost:5555 (dedicado)
ClienteMiddleware configurado com conexão dedicada
[Server] Cliente conectado: /127.0.0.1 (Total: 2)
Cliente conectado: /127.0.0.1
Conectado ao servidor localhost:5555 (dedicado)
Conectado ao servidor localhost:5555 (dedicado)
Conectado ao servidor localhost:5555 (dedicado)
Conectado ao servidor localhost:5555 (dedicado)
[Server] Cliente conectado: /127.0.0.1 (Total: 3)
Conectado ao servidor localhost:5555 (dedicado)
ClienteMiddleware configurado com conexão dedicada
Cliente conectado: /127.0.0.1
[Server] Cliente conectado: /127.0.0.1 (Total: 4)
Cliente conectado: /127.0.0.1
ClienteMiddleware configurado com conexão dedicada
[Server] Cliente conectado: /127.0.0.1 (Total: 5)
ClienteMiddleware configurado com conexão dedicada
Conectado ao servidor localhost:5555 (dedicado)
Novo utilizador registado: concurrent094313683855969
Cliente conectado: /127.0.0.1
[Server] Cliente conectado: /127.0.0.1 (Total: 6)
ClienteMiddleware configurado com conexão dedicada
Conectado ao servidor localhost:5555 (dedicado)
Cliente conectado: /127.0.0.1
[Server] Cliente conectado: /127.0.0.1 (Total: 7)
Conectado ao servidor localhost:5555 (dedicado)
[Server] Cliente conectado: /127.0.0.1 (Total: 8)
Novo utilizador registado: concurrent294313685205426
Novo utilizador registado: concurrent194313684264586
[Server] Cliente conectado: /127.0.0.1 (Total: 9)
Conectado ao servidor localhost:5555 (dedicado)
Cliente conectado: /127.0.0.1
Novo utilizador registado: concurrent394313684816196
Cliente conectado: /127.0.0.1
[Server] Cliente conectado: /127.0.0.1 (Total: 10)
Cliente conectado: /127.0.0.1
Cliente conectado: /127.0.0.1
Cliente conectado: /127.0.0.1
Utilizador autenticado: concurrent094313683855969
Utilizador autenticado: concurrent294313685205426
Utilizador autenticado: concurrent394313684816196
Novo utilizador registado: concurrent494313684382165
Novo utilizador registado: concurrent594313684658987
Novo utilizador registado: concurrent694313686323364
Novo utilizador registado: concurrent794313687470897
Utilizador autenticado: concurrent194313684264586
Novo utilizador registado: concurrent894313688037737
Utilizador autenticado: concurrent494313684382165
Utilizador autenticado: concurrent694313686323364
Novo utilizador registado: concurrent994313694720489
Utilizador autenticado: concurrent794313687470897
Utilizador autenticado: concurrent594313684658987
Utilizador autenticado: concurrent894313688037737
Utilizador autenticado: concurrent994313694720489
Evento registrado: Produto=3, Qtd=1, Preço=10.00 (Dia 9)
Evento registrado: Produto=2, Qtd=1, Preço=10.00 (Dia 9)
Evento registrado: Produto=1, Qtd=1, Preço=10.00 (Dia 9)
Evento registrado: Produto=4, Qtd=1, Preço=10.00 (Dia 9)
Evento registrado: Produto=6, Qtd=1, Preço=10.00 (Dia 9)
Evento registrado: Produto=8, Qtd=1, Preço=10.00 (Dia 9)
Evento registrado: Produto=7, Qtd=1, Preço=10.00 (Dia 9)
Evento registrado: Produto=9, Qtd=1, Preço=10.00 (Dia 9)
Evento registrado: Produto=5, Qtd=1, Preço=10.00 (Dia 9)
Evento registrado: Produto=3, Qtd=1, Preço=10.00 (Dia 9)
Evento registrado: Produto=2, Qtd=1, Preço=10.00 (Dia 9)
Evento registrado: Produto=1, Qtd=1, Preço=10.00 (Dia 9)
Evento registrado: Produto=4, Qtd=1, Preço=10.00 (Dia 9)
Evento registrado: Produto=6, Qtd=1, Preço=10.00 (Dia 9)
Evento registrado: Produto=8, Qtd=1, Preço=10.00 (Dia 9)
Evento registrado: Produto=5, Qtd=1, Preço=10.00 (Dia 9)
Evento registrado: Produto=9, Qtd=1, Preço=10.00 (Dia 9)
Evento registrado: Produto=7, Qtd=1, Preço=10.00 (Dia 9)
Evento registrado: Produto=3, Qtd=1, Preço=10.00 (Dia 9)
Evento registrado: Produto=1, Qtd=1, Preço=10.00 (Dia 9)
Evento registrado: Produto=2, Qtd=1, Preço=10.00 (Dia 9)
Evento registrado: Produto=4, Qtd=1, Preço=10.00 (Dia 9)
Evento registrado: Produto=6, Qtd=1, Preço=10.00 (Dia 9)
Evento registrado: Produto=8, Qtd=1, Preço=10.00 (Dia 9)
Evento registrado: Produto=9, Qtd=1, Preço=10.00 (Dia 9)
Evento registrado: Produto=7, Qtd=1, Preço=10.00 (Dia 9)
Evento registrado: Produto=5, Qtd=1, Preço=10.00 (Dia 9)
Desconectado do servidor
Desconectado do servidor
Cliente desconectado: /127.0.0.1
Cliente desconectado: /127.0.0.1
Desconectado do servidor
[Server] Cliente removido: /127.0.0.1 (Restantes: 9)
[Server] Cliente removido: /127.0.0.1 (Restantes: 8)
Cliente desconectado: /127.0.0.1
[Server] Cliente removido: /127.0.0.1 (Restantes: 7)
Desconectado do servidor
Desconectado do servidor
Cliente desconectado: /127.0.0.1
[Server] Cliente removido: /127.0.0.1 (Restantes: 6)
Cliente desconectado: /127.0.0.1
[Server] Cliente removido: /127.0.0.1 (Restantes: 5)
Desconectado do servidor
Cliente desconectado: /127.0.0.1
[Server] Cliente removido: /127.0.0.1 (Restantes: 4)
Desconectado do servidor
Desconectado do servidor
Desconectado do servidor
Desconectado do servidor
Cliente desconectado: /127.0.0.1
[Server] Cliente removido: /127.0.0.1 (Restantes: 3)
Cliente desconectado: /127.0.0.1
Cliente desconectado: /127.0.0.1
[Server] Cliente removido: /127.0.0.1 (Restantes: 2)
[Server] Cliente removido: /127.0.0.1 (Restantes: 1)
Cliente desconectado: /127.0.0.1
[Server] Cliente removido: /127.0.0.1 (Restantes: 0)
]]></system-out>
  </testcase>
  <testcase name="testeFiltrarEventosCompleto" classname="testes.IntegrationTest" time="0.312">
    <system-out><![CDATA[ClienteMiddleware configurado com conexão dedicada
[Server] Cliente conectado: /127.0.0.1 (Total: 1)
Cliente conectado: /127.0.0.1
Conectado ao servidor localhost:5555 (dedicado)
Novo utilizador registado: filtrotest1767984702159
Utilizador autenticado: filtrotest1767984702159
Evento registrado: Produto=1, Qtd=10, Preço=50.00 (Dia 9)
Evento registrado: Produto=2, Qtd=20, Preço=60.00 (Dia 9)
Evento registrado: Produto=3, Qtd=30, Preço=70.00 (Dia 9)
Evento registrado: Produto=4, Qtd=40, Preço=80.00 (Dia 9)
Dia 9 salvo: 9 produtos
Eventos do dia 9 persistidos
========================================
Novo dia iniciado: 10
========================================
Dia 9 carregado: 9 produtos
Desconectado do servidor
Cliente desconectado: /127.0.0.1
[Server] Cliente removido: /127.0.0.1 (Restantes: 0)
]]></system-out>
  </testcase>
  <testcase name="testeNotificacoes" classname="testes.IntegrationTest" time="0.792">
    <system-out><![CDATA[ClienteMiddleware configurado com conexão dedicada
[Server] Cliente conectado: /127.0.0.1 (Total: 1)
Conectado ao servidor localhost:5555 (dedicado)
Cliente conectado: /127.0.0.1
Novo utilizador registado: notiftest1767984702471
Utilizador autenticado: notiftest1767984702471
Evento registrado: Produto=10, Qtd=1, Preço=100.00 (Dia 10)
Evento registrado: Produto=11, Qtd=1, Preço=100.00 (Dia 10)
Desconectado do servidor
Cliente desconectado: /127.0.0.1
[Server] Cliente removido: /127.0.0.1 (Restantes: 0)
]]></system-out>
  </testcase>
</testsuite>