<?xml version="1.0" encoding="UTF-8"?>
<testsuite xmlns:xsi="http://www.w3.org/2001/XMLSchema-instance" xsi:noNamespaceSchemaLocation="https://maven.apache.org/surefire/maven-surefire-plugin/xsd/surefire-test-report-3.0.xsd" version="3.0" name="testes.ConnectionPoolTest" time="0.474" tests="6" errors="0" skipped="0" failures="0">
  <properties>
[...]
</properties>
  <testcase name="testeClose" classname="testes.ConnectionPoolTest" time="0.004">
    <system-out><![CDATA[ConnectionPool fechado
]]></system-out>
  </testcase>
  <testcase name="testeConcorrencia" classname="testes.ConnectionPoolTest" time="0.058">
    <system-out><![CDATA[ConnectionPool fechado
]]></system-out>
  </testcase>
  <testcase name="testeConexaoInvalida" classname="testes.ConnectionPoolTest" time="0.002">
    <system-out><![CDATA[ConnectionPool fechado
]]></system-out>
  </testcase>
  <testcase name="testeBasico" classname="testes.ConnectionPoolTest" time="0.001">
    <system-out><![CDATA[ConnectionPool fechado
]]></system-out>
  </testcase>
  <testcase name="testeReutilizacao" classname="testes.ConnectionPoolTest" time="0.002">
    <system-out><![CDATA[ConnectionPool fechado
]]></system-out>
  </testcase>
  <testcase name="testeMaxConnections" classname="testes.ConnectionPoolTest" time="0.303">
    <system-out><![CDATA[ConnectionPool fechado
]]></system-out>
  </testcase>
</testsuite>